CRITICAL - 2022-08-24 01:43:08 --> Undefined variable $key
in APPPATH\Views\beranda_admin.php on line 186.
 1 APPPATH\Views\beranda_admin.php(186): CodeIgniter\Debug\Exceptions->errorHandler(2, 'Undefined variable $key', 'APPPATH\\Views\\beranda_admin.php', 186)
 2 SYSTEMPATH\View\View.php(213): include('APPPATH\\Views\\beranda_admin.php')
 3 SYSTEMPATH\View\View.php(216): CodeIgniter\View\View->CodeIgniter\View\{closure}()
 4 SYSTEMPATH\Common.php(1135): CodeIgniter\View\View->render('beranda_admin', [], true)
 5 APPPATH\Controllers\Beranda.php(35): view('beranda_admin', [...])
 6 SYSTEMPATH\CodeIgniter.php(896): App\Controllers\Beranda->coba()
 7 SYSTEMPATH\CodeIgniter.php(466): CodeIgniter\CodeIgniter->runController(Object(App\Controllers\Beranda))
 8 SYSTEMPATH\CodeIgniter.php(349): CodeIgniter\CodeIgniter->handleRequest(null, Object(Config\Cache), false)
 9 FCPATH\index.php(55): CodeIgniter\CodeIgniter->run()
10 SYSTEMPATH\Commands\Server\rewrite.php(43): require_once('FCPATH\\index.php')
CRITICAL - 2022-08-24 02:32:11 --> Undefined variable $total_penyimpanan_digunakan
in APPPATH\Views\beranda_admin.php on line 67.
 1 APPPATH\Views\beranda_admin.php(67): CodeIgniter\Debug\Exceptions->errorHandler(2, 'Undefined variable $total_penyimpanan_digunakan', 'APPPATH\\Views\\beranda_admin.php', 67)
 2 SYSTEMPATH\View\View.php(213): include('APPPATH\\Views\\beranda_admin.php')
 3 SYSTEMPATH\View\View.php(216): CodeIgniter\View\View->CodeIgniter\View\{closure}()
 4 SYSTEMPATH\Common.php(1135): CodeIgniter\View\View->render('beranda_admin', [], true)
 5 APPPATH\Controllers\Beranda.php(39): view('beranda_admin', [...])
 6 SYSTEMPATH\CodeIgniter.php(896): App\Controllers\Beranda->coba()
 7 SYSTEMPATH\CodeIgniter.php(466): CodeIgniter\CodeIgniter->runController(Object(App\Controllers\Beranda))
 8 SYSTEMPATH\CodeIgniter.php(349): CodeIgniter\CodeIgniter->handleRequest(null, Object(Config\Cache), false)
 9 FCPATH\index.php(55): CodeIgniter\CodeIgniter->run()
10 SYSTEMPATH\Commands\Server\rewrite.php(43): require_once('FCPATH\\index.php')
CRITICAL - 2022-08-24 02:32:32 --> Undefined variable $total_penyimpanan_digunakan
in APPPATH\Views\beranda_admin.php on line 85.
 1 APPPATH\Views\beranda_admin.php(85): CodeIgniter\Debug\Exceptions->errorHandler(2, 'Undefined variable $total_penyimpanan_digunakan', 'APPPATH\\Views\\beranda_admin.php', 85)
 2 SYSTEMPATH\View\View.php(213): include('APPPATH\\Views\\beranda_admin.php')
 3 SYSTEMPATH\View\View.php(216): CodeIgniter\View\View->CodeIgniter\View\{closure}()
 4 SYSTEMPATH\Common.php(1135): CodeIgniter\View\View->render('beranda_admin', [], true)
 5 APPPATH\Controllers\Beranda.php(39): view('beranda_admin', [...])
 6 SYSTEMPATH\CodeIgniter.php(896): App\Controllers\Beranda->coba()
 7 SYSTEMPATH\CodeIgniter.php(466): CodeIgniter\CodeIgniter->runController(Object(App\Controllers\Beranda))
 8 SYSTEMPATH\CodeIgniter.php(349): CodeIgniter\CodeIgniter->handleRequest(null, Object(Config\Cache), false)
 9 FCPATH\index.php(55): CodeIgniter\CodeIgniter->run()
10 SYSTEMPATH\Commands\Server\rewrite.php(43): require_once('FCPATH\\index.php')
CRITICAL - 2022-08-24 02:32:35 --> Undefined variable $total_penyimpanan_digunakan
in APPPATH\Views\beranda_admin.php on line 85.
 1 APPPATH\Views\beranda_admin.php(85): CodeIgniter\Debug\Exceptions->errorHandler(2, 'Undefined variable $total_penyimpanan_digunakan', 'APPPATH\\Views\\beranda_admin.php', 85)
 2 SYSTEMPATH\View\View.php(213): include('APPPATH\\Views\\beranda_admin.php')
 3 SYSTEMPATH\View\View.php(216): CodeIgniter\View\View->CodeIgniter\View\{closure}()
 4 SYSTEMPATH\Common.php(1135): CodeIgniter\View\View->render('beranda_admin', [], true)
 5 APPPATH\Controllers\Beranda.php(39): view('beranda_admin', [...])
 6 SYSTEMPATH\CodeIgniter.php(896): App\Controllers\Beranda->coba()
 7 SYSTEMPATH\CodeIgniter.php(466): CodeIgniter\CodeIgniter->runController(Object(App\Controllers\Beranda))
 8 SYSTEMPATH\CodeIgniter.php(349): CodeIgniter\CodeIgniter->handleRequest(null, Object(Config\Cache), false)
 9 FCPATH\index.php(55): CodeIgniter\CodeIgniter->run()
10 SYSTEMPATH\Commands\Server\rewrite.php(43): require_once('FCPATH\\index.php')
CRITICAL - 2022-08-24 03:02:28 --> Call to a member function date() on string
in APPPATH\Views\beranda_admin.php on line 126.
 1 SYSTEMPATH\View\View.php(213): include()
 2 SYSTEMPATH\View\View.php(216): CodeIgniter\View\View->CodeIgniter\View\{closure}()
 3 SYSTEMPATH\Common.php(1135): CodeIgniter\View\View->render('beranda_admin', [], true)
 4 APPPATH\Controllers\Beranda.php(29): view('beranda_admin', [...])
 5 SYSTEMPATH\CodeIgniter.php(896): App\Controllers\Beranda->index()
 6 SYSTEMPATH\CodeIgniter.php(466): CodeIgniter\CodeIgniter->runController(Object(App\Controllers\Beranda))
 7 SYSTEMPATH\CodeIgniter.php(349): CodeIgniter\CodeIgniter->handleRequest(null, Object(Config\Cache), false)
 8 FCPATH\index.php(55): CodeIgniter\CodeIgniter->run()
 9 SYSTEMPATH\Commands\Server\rewrite.php(43): require_once('FCPATH\\index.php')
CRITICAL - 2022-08-24 03:02:52 --> date(): Argument #2 ($timestamp) must be of type ?int, string given
in APPPATH\Views\beranda_admin.php on line 126.
 1 APPPATH\Views\beranda_admin.php(126): date('2022-08-24 02:46:41', 'd F Y, h:i:s A')
 2 SYSTEMPATH\View\View.php(213): include('APPPATH\\Views\\beranda_admin.php')
 3 SYSTEMPATH\View\View.php(216): CodeIgniter\View\View->CodeIgniter\View\{closure}()
 4 SYSTEMPATH\Common.php(1135): CodeIgniter\View\View->render('beranda_admin', [], true)
 5 APPPATH\Controllers\Beranda.php(29): view('beranda_admin', [...])
 6 SYSTEMPATH\CodeIgniter.php(896): App\Controllers\Beranda->index()
 7 SYSTEMPATH\CodeIgniter.php(466): CodeIgniter\CodeIgniter->runController(Object(App\Controllers\Beranda))
 8 SYSTEMPATH\CodeIgniter.php(349): CodeIgniter\CodeIgniter->handleRequest(null, Object(Config\Cache), false)
 9 FCPATH\index.php(55): CodeIgniter\CodeIgniter->run()
10 SYSTEMPATH\Commands\Server\rewrite.php(43): require_once('FCPATH\\index.php')
CRITICAL - 2022-08-24 03:03:24 --> date(): Argument #2 ($timestamp) must be of type ?int, string given
in APPPATH\Views\beranda_admin.php on line 126.
 1 APPPATH\Views\beranda_admin.php(126): date('d F Y, h:i:s A', '2022-08-24 02:46:41')
 2 SYSTEMPATH\View\View.php(213): include('APPPATH\\Views\\beranda_admin.php')
 3 SYSTEMPATH\View\View.php(216): CodeIgniter\View\View->CodeIgniter\View\{closure}()
 4 SYSTEMPATH\Common.php(1135): CodeIgniter\View\View->render('beranda_admin', [], true)
 5 APPPATH\Controllers\Beranda.php(29): view('beranda_admin', [...])
 6 SYSTEMPATH\CodeIgniter.php(896): App\Controllers\Beranda->index()
 7 SYSTEMPATH\CodeIgniter.php(466): CodeIgniter\CodeIgniter->runController(Object(App\Controllers\Beranda))
 8 SYSTEMPATH\CodeIgniter.php(349): CodeIgniter\CodeIgniter->handleRequest(null, Object(Config\Cache), false)
 9 FCPATH\index.php(55): CodeIgniter\CodeIgniter->run()
10 SYSTEMPATH\Commands\Server\rewrite.php(43): require_once('FCPATH\\index.php')
CRITICAL - 2022-08-24 03:03:26 --> date(): Argument #2 ($timestamp) must be of type ?int, string given
in APPPATH\Views\beranda_admin.php on line 126.
 1 APPPATH\Views\beranda_admin.php(126): date('d F Y, h:i:s A', '2022-08-24 02:46:41')
 2 SYSTEMPATH\View\View.php(213): include('APPPATH\\Views\\beranda_admin.php')
 3 SYSTEMPATH\View\View.php(216): CodeIgniter\View\View->CodeIgniter\View\{closure}()
 4 SYSTEMPATH\Common.php(1135): CodeIgniter\View\View->render('beranda_admin', [], true)
 5 APPPATH\Controllers\Beranda.php(29): view('beranda_admin', [...])
 6 SYSTEMPATH\CodeIgniter.php(896): App\Controllers\Beranda->index()
 7 SYSTEMPATH\CodeIgniter.php(466): CodeIgniter\CodeIgniter->runController(Object(App\Controllers\Beranda))
 8 SYSTEMPATH\CodeIgniter.php(349): CodeIgniter\CodeIgniter->handleRequest(null, Object(Config\Cache), false)
 9 FCPATH\index.php(55): CodeIgniter\CodeIgniter->run()
10 SYSTEMPATH\Commands\Server\rewrite.php(43): require_once('FCPATH\\index.php')
CRITICAL - 2022-08-24 03:03:27 --> date(): Argument #2 ($timestamp) must be of type ?int, string given
in APPPATH\Views\beranda_admin.php on line 126.
 1 APPPATH\Views\beranda_admin.php(126): date('d F Y, h:i:s A', '2022-08-24 02:46:41')
 2 SYSTEMPATH\View\View.php(213): include('APPPATH\\Views\\beranda_admin.php')
 3 SYSTEMPATH\View\View.php(216): CodeIgniter\View\View->CodeIgniter\View\{closure}()
 4 SYSTEMPATH\Common.php(1135): CodeIgniter\View\View->render('beranda_admin', [], true)
 5 APPPATH\Controllers\Beranda.php(29): view('beranda_admin', [...])
 6 SYSTEMPATH\CodeIgniter.php(896): App\Controllers\Beranda->index()
 7 SYSTEMPATH\CodeIgniter.php(466): CodeIgniter\CodeIgniter->runController(Object(App\Controllers\Beranda))
 8 SYSTEMPATH\CodeIgniter.php(349): CodeIgniter\CodeIgniter->handleRequest(null, Object(Config\Cache), false)
 9 FCPATH\index.php(55): CodeIgniter\CodeIgniter->run()
10 SYSTEMPATH\Commands\Server\rewrite.php(43): require_once('FCPATH\\index.php')
CRITICAL - 2022-08-24 03:03:27 --> date(): Argument #2 ($timestamp) must be of type ?int, string given
in APPPATH\Views\beranda_admin.php on line 126.
 1 APPPATH\Views\beranda_admin.php(126): date('d F Y, h:i:s A', '2022-08-24 02:46:41')
 2 SYSTEMPATH\View\View.php(213): include('APPPATH\\Views\\beranda_admin.php')
 3 SYSTEMPATH\View\View.php(216): CodeIgniter\View\View->CodeIgniter\View\{closure}()
 4 SYSTEMPATH\Common.php(1135): CodeIgniter\View\View->render('beranda_admin', [], true)
 5 APPPATH\Controllers\Beranda.php(29): view('beranda_admin', [...])
 6 SYSTEMPATH\CodeIgniter.php(896): App\Controllers\Beranda->index()
 7 SYSTEMPATH\CodeIgniter.php(466): CodeIgniter\CodeIgniter->runController(Object(App\Controllers\Beranda))
 8 SYSTEMPATH\CodeIgniter.php(349): CodeIgniter\CodeIgniter->handleRequest(null, Object(Config\Cache), false)
 9 FCPATH\index.php(55): CodeIgniter\CodeIgniter->run()
10 SYSTEMPATH\Commands\Server\rewrite.php(43): require_once('FCPATH\\index.php')
CRITICAL - 2022-08-24 03:03:27 --> date(): Argument #2 ($timestamp) must be of type ?int, string given
in APPPATH\Views\beranda_admin.php on line 126.
 1 APPPATH\Views\beranda_admin.php(126): date('d F Y, h:i:s A', '2022-08-24 02:46:41')
 2 SYSTEMPATH\View\View.php(213): include('APPPATH\\Views\\beranda_admin.php')
 3 SYSTEMPATH\View\View.php(216): CodeIgniter\View\View->CodeIgniter\View\{closure}()
 4 SYSTEMPATH\Common.php(1135): CodeIgniter\View\View->render('beranda_admin', [], true)
 5 APPPATH\Controllers\Beranda.php(29): view('beranda_admin', [...])
 6 SYSTEMPATH\CodeIgniter.php(896): App\Controllers\Beranda->index()
 7 SYSTEMPATH\CodeIgniter.php(466): CodeIgniter\CodeIgniter->runController(Object(App\Controllers\Beranda))
 8 SYSTEMPATH\CodeIgniter.php(349): CodeIgniter\CodeIgniter->handleRequest(null, Object(Config\Cache), false)
 9 FCPATH\index.php(55): CodeIgniter\CodeIgniter->run()
10 SYSTEMPATH\Commands\Server\rewrite.php(43): require_once('FCPATH\\index.php')
CRITICAL - 2022-08-24 03:03:28 --> date(): Argument #2 ($timestamp) must be of type ?int, string given
in APPPATH\Views\beranda_admin.php on line 126.
 1 APPPATH\Views\beranda_admin.php(126): date('d F Y, h:i:s A', '2022-08-24 02:46:41')
 2 SYSTEMPATH\View\View.php(213): include('APPPATH\\Views\\beranda_admin.php')
 3 SYSTEMPATH\View\View.php(216): CodeIgniter\View\View->CodeIgniter\View\{closure}()
 4 SYSTEMPATH\Common.php(1135): CodeIgniter\View\View->render('beranda_admin', [], true)
 5 APPPATH\Controllers\Beranda.php(29): view('beranda_admin', [...])
 6 SYSTEMPATH\CodeIgniter.php(896): App\Controllers\Beranda->index()
 7 SYSTEMPATH\CodeIgniter.php(466): CodeIgniter\CodeIgniter->runController(Object(App\Controllers\Beranda))
 8 SYSTEMPATH\CodeIgniter.php(349): CodeIgniter\CodeIgniter->handleRequest(null, Object(Config\Cache), false)
 9 FCPATH\index.php(55): CodeIgniter\CodeIgniter->run()
10 SYSTEMPATH\Commands\Server\rewrite.php(43): require_once('FCPATH\\index.php')
CRITICAL - 2022-08-24 03:03:28 --> date(): Argument #2 ($timestamp) must be of type ?int, string given
in APPPATH\Views\beranda_admin.php on line 126.
 1 APPPATH\Views\beranda_admin.php(126): date('d F Y, h:i:s A', '2022-08-24 02:46:41')
 2 SYSTEMPATH\View\View.php(213): include('APPPATH\\Views\\beranda_admin.php')
 3 SYSTEMPATH\View\View.php(216): CodeIgniter\View\View->CodeIgniter\View\{closure}()
 4 SYSTEMPATH\Common.php(1135): CodeIgniter\View\View->render('beranda_admin', [], true)
 5 APPPATH\Controllers\Beranda.php(29): view('beranda_admin', [...])
 6 SYSTEMPATH\CodeIgniter.php(896): App\Controllers\Beranda->index()
 7 SYSTEMPATH\CodeIgniter.php(466): CodeIgniter\CodeIgniter->runController(Object(App\Controllers\Beranda))
 8 SYSTEMPATH\CodeIgniter.php(349): CodeIgniter\CodeIgniter->handleRequest(null, Object(Config\Cache), false)
 9 FCPATH\index.php(55): CodeIgniter\CodeIgniter->run()
10 SYSTEMPATH\Commands\Server\rewrite.php(43): require_once('FCPATH\\index.php')
CRITICAL - 2022-08-24 03:03:28 --> date(): Argument #2 ($timestamp) must be of type ?int, string given
in APPPATH\Views\beranda_admin.php on line 126.
 1 APPPATH\Views\beranda_admin.php(126): date('d F Y, h:i:s A', '2022-08-24 02:46:41')
 2 SYSTEMPATH\View\View.php(213): include('APPPATH\\Views\\beranda_admin.php')
 3 SYSTEMPATH\View\View.php(216): CodeIgniter\View\View->CodeIgniter\View\{closure}()
 4 SYSTEMPATH\Common.php(1135): CodeIgniter\View\View->render('beranda_admin', [], true)
 5 APPPATH\Controllers\Beranda.php(29): view('beranda_admin', [...])
 6 SYSTEMPATH\CodeIgniter.php(896): App\Controllers\Beranda->index()
 7 SYSTEMPATH\CodeIgniter.php(466): CodeIgniter\CodeIgniter->runController(Object(App\Controllers\Beranda))
 8 SYSTEMPATH\CodeIgniter.php(349): CodeIgniter\CodeIgniter->handleRequest(null, Object(Config\Cache), false)
 9 FCPATH\index.php(55): CodeIgniter\CodeIgniter->run()
10 SYSTEMPATH\Commands\Server\rewrite.php(43): require_once('FCPATH\\index.php')
CRITICAL - 2022-08-24 03:03:29 --> date(): Argument #2 ($timestamp) must be of type ?int, string given
in APPPATH\Views\beranda_admin.php on line 126.
 1 APPPATH\Views\beranda_admin.php(126): date('d F Y, h:i:s A', '2022-08-24 02:46:41')
 2 SYSTEMPATH\View\View.php(213): include('APPPATH\\Views\\beranda_admin.php')
 3 SYSTEMPATH\View\View.php(216): CodeIgniter\View\View->CodeIgniter\View\{closure}()
 4 SYSTEMPATH\Common.php(1135): CodeIgniter\View\View->render('beranda_admin', [], true)
 5 APPPATH\Controllers\Beranda.php(29): view('beranda_admin', [...])
 6 SYSTEMPATH\CodeIgniter.php(896): App\Controllers\Beranda->index()
 7 SYSTEMPATH\CodeIgniter.php(466): CodeIgniter\CodeIgniter->runController(Object(App\Controllers\Beranda))
 8 SYSTEMPATH\CodeIgniter.php(349): CodeIgniter\CodeIgniter->handleRequest(null, Object(Config\Cache), false)
 9 FCPATH\index.php(55): CodeIgniter\CodeIgniter->run()
10 SYSTEMPATH\Commands\Server\rewrite.php(43): require_once('FCPATH\\index.php')
CRITICAL - 2022-08-24 03:03:29 --> date(): Argument #2 ($timestamp) must be of type ?int, string given
in APPPATH\Views\beranda_admin.php on line 126.
 1 APPPATH\Views\beranda_admin.php(126): date('d F Y, h:i:s A', '2022-08-24 02:46:41')
 2 SYSTEMPATH\View\View.php(213): include('APPPATH\\Views\\beranda_admin.php')
 3 SYSTEMPATH\View\View.php(216): CodeIgniter\View\View->CodeIgniter\View\{closure}()
 4 SYSTEMPATH\Common.php(1135): CodeIgniter\View\View->render('beranda_admin', [], true)
 5 APPPATH\Controllers\Beranda.php(29): view('beranda_admin', [...])
 6 SYSTEMPATH\CodeIgniter.php(896): App\Controllers\Beranda->index()
 7 SYSTEMPATH\CodeIgniter.php(466): CodeIgniter\CodeIgniter->runController(Object(App\Controllers\Beranda))
 8 SYSTEMPATH\CodeIgniter.php(349): CodeIgniter\CodeIgniter->handleRequest(null, Object(Config\Cache), false)
 9 FCPATH\index.php(55): CodeIgniter\CodeIgniter->run()
10 SYSTEMPATH\Commands\Server\rewrite.php(43): require_once('FCPATH\\index.php')
CRITICAL - 2022-08-24 03:03:29 --> date(): Argument #2 ($timestamp) must be of type ?int, string given
in APPPATH\Views\beranda_admin.php on line 126.
 1 APPPATH\Views\beranda_admin.php(126): date('d F Y, h:i:s A', '2022-08-24 02:46:41')
 2 SYSTEMPATH\View\View.php(213): include('APPPATH\\Views\\beranda_admin.php')
 3 SYSTEMPATH\View\View.php(216): CodeIgniter\View\View->CodeIgniter\View\{closure}()
 4 SYSTEMPATH\Common.php(1135): CodeIgniter\View\View->render('beranda_admin', [], true)
 5 APPPATH\Controllers\Beranda.php(29): view('beranda_admin', [...])
 6 SYSTEMPATH\CodeIgniter.php(896): App\Controllers\Beranda->index()
 7 SYSTEMPATH\CodeIgniter.php(466): CodeIgniter\CodeIgniter->runController(Object(App\Controllers\Beranda))
 8 SYSTEMPATH\CodeIgniter.php(349): CodeIgniter\CodeIgniter->handleRequest(null, Object(Config\Cache), false)
 9 FCPATH\index.php(55): CodeIgniter\CodeIgniter->run()
10 SYSTEMPATH\Commands\Server\rewrite.php(43): require_once('FCPATH\\index.php')
