CRITICAL - 2022-07-05 02:25:34 --> Undefined variable: id
in APPPATH\Controllers\Manajemen_Detail_Data_Project.php on line 18.
 1 APPPATH\Controllers\Manajemen_Detail_Data_Project.php(18): CodeIgniter\Debug\Exceptions->errorHandler(8, 'Undefined variable: id', 'APPPATH\\Controllers\\Manajemen_Detail_Data_Project.php', 18, [...])
 2 SYSTEMPATH\CodeIgniter.php(896): App\Controllers\Manajemen_Detail_Data_Project->index()
 3 SYSTEMPATH\CodeIgniter.php(466): CodeIgniter\CodeIgniter->runController(Object(App\Controllers\Manajemen_Detail_Data_Project))
 4 SYSTEMPATH\CodeIgniter.php(349): CodeIgniter\CodeIgniter->handleRequest(null, Object(Config\Cache), false)
 5 FCPATH\index.php(55): CodeIgniter\CodeIgniter->run()
 6 SYSTEMPATH\Commands\Server\rewrite.php(43): require_once('FCPATH\\index.php')
CRITICAL - 2022-07-05 02:35:07 --> Undefined property: stdClass::$judul
in APPPATH\Views\manajemen_detail_data_project.php on line 132.
 1 APPPATH\Views\manajemen_detail_data_project.php(132): CodeIgniter\Debug\Exceptions->errorHandler(8, 'Undefined property: stdClass::$judul', 'APPPATH\\Views\\manajemen_detail_data_project.php', 132, [...])
 2 SYSTEMPATH\View\View.php(213): include('APPPATH\\Views\\manajemen_detail_data_project.php')
 3 SYSTEMPATH\View\View.php(216): CodeIgniter\View\View->CodeIgniter\View\{closure}()
 4 SYSTEMPATH\Common.php(1135): CodeIgniter\View\View->render('manajemen_detail_data_project', [], true)
 5 APPPATH\Controllers\Manajemen_Detail_Data_Project.php(21): view('manajemen_detail_data_project', [...])
 6 SYSTEMPATH\CodeIgniter.php(896): App\Controllers\Manajemen_Detail_Data_Project->index()
 7 SYSTEMPATH\CodeIgniter.php(466): CodeIgniter\CodeIgniter->runController(Object(App\Controllers\Manajemen_Detail_Data_Project))
 8 SYSTEMPATH\CodeIgniter.php(349): CodeIgniter\CodeIgniter->handleRequest(null, Object(Config\Cache), false)
 9 FCPATH\index.php(55): CodeIgniter\CodeIgniter->run()
10 SYSTEMPATH\Commands\Server\rewrite.php(43): require_once('FCPATH\\index.php')
CRITICAL - 2022-07-05 02:35:50 --> Undefined property: stdClass::$judul
in APPPATH\Views\manajemen_detail_data_project.php on line 132.
 1 APPPATH\Views\manajemen_detail_data_project.php(132): CodeIgniter\Debug\Exceptions->errorHandler(8, 'Undefined property: stdClass::$judul', 'APPPATH\\Views\\manajemen_detail_data_project.php', 132, [...])
 2 SYSTEMPATH\View\View.php(213): include('APPPATH\\Views\\manajemen_detail_data_project.php')
 3 SYSTEMPATH\View\View.php(216): CodeIgniter\View\View->CodeIgniter\View\{closure}()
 4 SYSTEMPATH\Common.php(1135): CodeIgniter\View\View->render('manajemen_detail_data_project', [], true)
 5 APPPATH\Controllers\Manajemen_Detail_Data_Project.php(21): view('manajemen_detail_data_project', [...])
 6 SYSTEMPATH\CodeIgniter.php(896): App\Controllers\Manajemen_Detail_Data_Project->index()
 7 SYSTEMPATH\CodeIgniter.php(466): CodeIgniter\CodeIgniter->runController(Object(App\Controllers\Manajemen_Detail_Data_Project))
 8 SYSTEMPATH\CodeIgniter.php(349): CodeIgniter\CodeIgniter->handleRequest(null, Object(Config\Cache), false)
 9 FCPATH\index.php(55): CodeIgniter\CodeIgniter->run()
10 SYSTEMPATH\Commands\Server\rewrite.php(43): require_once('FCPATH\\index.php')
ERROR - 2022-07-05 03:02:44 --> You have an error in your SQL syntax; check the manual that corresponds to your MariaDB server version for the right syntax to use near '' at line 1
CRITICAL - 2022-07-05 03:02:44 --> You have an error in your SQL syntax; check the manual that corresponds to your MariaDB server version for the right syntax to use near '' at line 1
in SYSTEMPATH\Database\MySQLi\Connection.php on line 292.
 1 SYSTEMPATH\Database\MySQLi\Connection.php(292): mysqli->query('SELECT a.judul,a.`id`,a.`nama_file`,a.`pesan`,c.`fullname`,b.`nama`,b.`tahun`,a.`create_at` FROM detail_data_project a LEFT JOIN data_project b ON a.`id_project`=b.`id` LEFT JOIN users c ON a.`id_pembuat`=c.`id` WHERE a.`id_project`=', 0)
 2 SYSTEMPATH\Database\BaseConnection.php(695): CodeIgniter\Database\MySQLi\Connection->execute('SELECT a.judul,a.`id`,a.`nama_file`,a.`pesan`,c.`fullname`,b.`nama`,b.`tahun`,a.`create_at` FROM detail_data_project a LEFT JOIN data_project b ON a.`id_project`=b.`id` LEFT JOIN users c ON a.`id_pembuat`=c.`id` WHERE a.`id_project`=')
 3 SYSTEMPATH\Database\BaseConnection.php(609): CodeIgniter\Database\BaseConnection->simpleQuery('SELECT a.judul,a.`id`,a.`nama_file`,a.`pesan`,c.`fullname`,b.`nama`,b.`tahun`,a.`create_at` FROM detail_data_project a LEFT JOIN data_project b ON a.`id_project`=b.`id` LEFT JOIN users c ON a.`id_pembuat`=c.`id` WHERE a.`id_project`=')
 4 APPPATH\Controllers\Manajemen_Detail_Data_Project.php(18): CodeIgniter\Database\BaseConnection->query('SELECT a.judul,a.`id`,a.`nama_file`,a.`pesan`,c.`fullname`,b.`nama`,b.`tahun`,a.`create_at` FROM detail_data_project a LEFT JOIN data_project b ON a.`id_project`=b.`id` LEFT JOIN users c ON a.`id_pembuat`=c.`id` WHERE a.`id_project`=')
 5 SYSTEMPATH\CodeIgniter.php(896): App\Controllers\Manajemen_Detail_Data_Project->index()
 6 SYSTEMPATH\CodeIgniter.php(466): CodeIgniter\CodeIgniter->runController(Object(App\Controllers\Manajemen_Detail_Data_Project))
 7 SYSTEMPATH\CodeIgniter.php(349): CodeIgniter\CodeIgniter->handleRequest(null, Object(Config\Cache), false)
 8 FCPATH\index.php(55): CodeIgniter\CodeIgniter->run()
 9 SYSTEMPATH\Commands\Server\rewrite.php(43): require_once('FCPATH\\index.php')
ERROR - 2022-07-05 03:03:40 --> You have an error in your SQL syntax; check the manual that corresponds to your MariaDB server version for the right syntax to use near '' at line 1
CRITICAL - 2022-07-05 03:03:40 --> You have an error in your SQL syntax; check the manual that corresponds to your MariaDB server version for the right syntax to use near '' at line 1
in SYSTEMPATH\Database\MySQLi\Connection.php on line 292.
 1 SYSTEMPATH\Database\MySQLi\Connection.php(292): mysqli->query('SELECT a.judul,a.`id`,a.`nama_file`,a.`pesan`,c.`fullname`,b.`nama`,b.`tahun`,a.`create_at` FROM detail_data_project a LEFT JOIN data_project b ON a.`id_project`=b.`id` LEFT JOIN users c ON a.`id_pembuat`=c.`id` WHERE a.`id_project`=', 0)
 2 SYSTEMPATH\Database\BaseConnection.php(695): CodeIgniter\Database\MySQLi\Connection->execute('SELECT a.judul,a.`id`,a.`nama_file`,a.`pesan`,c.`fullname`,b.`nama`,b.`tahun`,a.`create_at` FROM detail_data_project a LEFT JOIN data_project b ON a.`id_project`=b.`id` LEFT JOIN users c ON a.`id_pembuat`=c.`id` WHERE a.`id_project`=')
 3 SYSTEMPATH\Database\BaseConnection.php(609): CodeIgniter\Database\BaseConnection->simpleQuery('SELECT a.judul,a.`id`,a.`nama_file`,a.`pesan`,c.`fullname`,b.`nama`,b.`tahun`,a.`create_at` FROM detail_data_project a LEFT JOIN data_project b ON a.`id_project`=b.`id` LEFT JOIN users c ON a.`id_pembuat`=c.`id` WHERE a.`id_project`=')
 4 APPPATH\Controllers\Manajemen_Detail_Data_Project.php(18): CodeIgniter\Database\BaseConnection->query('SELECT a.judul,a.`id`,a.`nama_file`,a.`pesan`,c.`fullname`,b.`nama`,b.`tahun`,a.`create_at` FROM detail_data_project a LEFT JOIN data_project b ON a.`id_project`=b.`id` LEFT JOIN users c ON a.`id_pembuat`=c.`id` WHERE a.`id_project`=')
 5 SYSTEMPATH\CodeIgniter.php(896): App\Controllers\Manajemen_Detail_Data_Project->index()
 6 SYSTEMPATH\CodeIgniter.php(466): CodeIgniter\CodeIgniter->runController(Object(App\Controllers\Manajemen_Detail_Data_Project))
 7 SYSTEMPATH\CodeIgniter.php(349): CodeIgniter\CodeIgniter->handleRequest(null, Object(Config\Cache), false)
 8 FCPATH\index.php(55): CodeIgniter\CodeIgniter->run()
 9 SYSTEMPATH\Commands\Server\rewrite.php(43): require_once('FCPATH\\index.php')
ERROR - 2022-07-05 03:03:42 --> You have an error in your SQL syntax; check the manual that corresponds to your MariaDB server version for the right syntax to use near '' at line 1
CRITICAL - 2022-07-05 03:03:42 --> You have an error in your SQL syntax; check the manual that corresponds to your MariaDB server version for the right syntax to use near '' at line 1
in SYSTEMPATH\Database\MySQLi\Connection.php on line 292.
 1 SYSTEMPATH\Database\MySQLi\Connection.php(292): mysqli->query('SELECT a.judul,a.`id`,a.`nama_file`,a.`pesan`,c.`fullname`,b.`nama`,b.`tahun`,a.`create_at` FROM detail_data_project a LEFT JOIN data_project b ON a.`id_project`=b.`id` LEFT JOIN users c ON a.`id_pembuat`=c.`id` WHERE a.`id_project`=', 0)
 2 SYSTEMPATH\Database\BaseConnection.php(695): CodeIgniter\Database\MySQLi\Connection->execute('SELECT a.judul,a.`id`,a.`nama_file`,a.`pesan`,c.`fullname`,b.`nama`,b.`tahun`,a.`create_at` FROM detail_data_project a LEFT JOIN data_project b ON a.`id_project`=b.`id` LEFT JOIN users c ON a.`id_pembuat`=c.`id` WHERE a.`id_project`=')
 3 SYSTEMPATH\Database\BaseConnection.php(609): CodeIgniter\Database\BaseConnection->simpleQuery('SELECT a.judul,a.`id`,a.`nama_file`,a.`pesan`,c.`fullname`,b.`nama`,b.`tahun`,a.`create_at` FROM detail_data_project a LEFT JOIN data_project b ON a.`id_project`=b.`id` LEFT JOIN users c ON a.`id_pembuat`=c.`id` WHERE a.`id_project`=')
 4 APPPATH\Controllers\Manajemen_Detail_Data_Project.php(18): CodeIgniter\Database\BaseConnection->query('SELECT a.judul,a.`id`,a.`nama_file`,a.`pesan`,c.`fullname`,b.`nama`,b.`tahun`,a.`create_at` FROM detail_data_project a LEFT JOIN data_project b ON a.`id_project`=b.`id` LEFT JOIN users c ON a.`id_pembuat`=c.`id` WHERE a.`id_project`=')
 5 SYSTEMPATH\CodeIgniter.php(896): App\Controllers\Manajemen_Detail_Data_Project->index()
 6 SYSTEMPATH\CodeIgniter.php(466): CodeIgniter\CodeIgniter->runController(Object(App\Controllers\Manajemen_Detail_Data_Project))
 7 SYSTEMPATH\CodeIgniter.php(349): CodeIgniter\CodeIgniter->handleRequest(null, Object(Config\Cache), false)
 8 FCPATH\index.php(55): CodeIgniter\CodeIgniter->run()
 9 SYSTEMPATH\Commands\Server\rewrite.php(43): require_once('FCPATH\\index.php')
ERROR - 2022-07-05 03:04:43 --> You have an error in your SQL syntax; check the manual that corresponds to your MariaDB server version for the right syntax to use near '' at line 1
CRITICAL - 2022-07-05 03:04:43 --> You have an error in your SQL syntax; check the manual that corresponds to your MariaDB server version for the right syntax to use near '' at line 1
in SYSTEMPATH\Database\MySQLi\Connection.php on line 292.
 1 SYSTEMPATH\Database\MySQLi\Connection.php(292): mysqli->query('SELECT a.judul,a.`id`,a.`nama_file`,a.`pesan`,c.`fullname`,b.`nama`,b.`tahun`,a.`create_at` FROM detail_data_project a LEFT JOIN data_project b ON a.`id_project`=b.`id` LEFT JOIN users c ON a.`id_pembuat`=c.`id` WHERE a.`id_project`=', 0)
 2 SYSTEMPATH\Database\BaseConnection.php(695): CodeIgniter\Database\MySQLi\Connection->execute('SELECT a.judul,a.`id`,a.`nama_file`,a.`pesan`,c.`fullname`,b.`nama`,b.`tahun`,a.`create_at` FROM detail_data_project a LEFT JOIN data_project b ON a.`id_project`=b.`id` LEFT JOIN users c ON a.`id_pembuat`=c.`id` WHERE a.`id_project`=')
 3 SYSTEMPATH\Database\BaseConnection.php(609): CodeIgniter\Database\BaseConnection->simpleQuery('SELECT a.judul,a.`id`,a.`nama_file`,a.`pesan`,c.`fullname`,b.`nama`,b.`tahun`,a.`create_at` FROM detail_data_project a LEFT JOIN data_project b ON a.`id_project`=b.`id` LEFT JOIN users c ON a.`id_pembuat`=c.`id` WHERE a.`id_project`=')
 4 APPPATH\Controllers\Manajemen_Detail_Data_Project.php(18): CodeIgniter\Database\BaseConnection->query('SELECT a.judul,a.`id`,a.`nama_file`,a.`pesan`,c.`fullname`,b.`nama`,b.`tahun`,a.`create_at` FROM detail_data_project a LEFT JOIN data_project b ON a.`id_project`=b.`id` LEFT JOIN users c ON a.`id_pembuat`=c.`id` WHERE a.`id_project`=')
 5 SYSTEMPATH\CodeIgniter.php(896): App\Controllers\Manajemen_Detail_Data_Project->index()
 6 SYSTEMPATH\CodeIgniter.php(466): CodeIgniter\CodeIgniter->runController(Object(App\Controllers\Manajemen_Detail_Data_Project))
 7 SYSTEMPATH\CodeIgniter.php(349): CodeIgniter\CodeIgniter->handleRequest(null, Object(Config\Cache), false)
 8 FCPATH\index.php(55): CodeIgniter\CodeIgniter->run()
 9 SYSTEMPATH\Commands\Server\rewrite.php(43): require_once('FCPATH\\index.php')
ERROR - 2022-07-05 03:04:44 --> You have an error in your SQL syntax; check the manual that corresponds to your MariaDB server version for the right syntax to use near '' at line 1
CRITICAL - 2022-07-05 03:04:44 --> You have an error in your SQL syntax; check the manual that corresponds to your MariaDB server version for the right syntax to use near '' at line 1
in SYSTEMPATH\Database\MySQLi\Connection.php on line 292.
 1 SYSTEMPATH\Database\MySQLi\Connection.php(292): mysqli->query('SELECT a.judul,a.`id`,a.`nama_file`,a.`pesan`,c.`fullname`,b.`nama`,b.`tahun`,a.`create_at` FROM detail_data_project a LEFT JOIN data_project b ON a.`id_project`=b.`id` LEFT JOIN users c ON a.`id_pembuat`=c.`id` WHERE a.`id_project`=', 0)
 2 SYSTEMPATH\Database\BaseConnection.php(695): CodeIgniter\Database\MySQLi\Connection->execute('SELECT a.judul,a.`id`,a.`nama_file`,a.`pesan`,c.`fullname`,b.`nama`,b.`tahun`,a.`create_at` FROM detail_data_project a LEFT JOIN data_project b ON a.`id_project`=b.`id` LEFT JOIN users c ON a.`id_pembuat`=c.`id` WHERE a.`id_project`=')
 3 SYSTEMPATH\Database\BaseConnection.php(609): CodeIgniter\Database\BaseConnection->simpleQuery('SELECT a.judul,a.`id`,a.`nama_file`,a.`pesan`,c.`fullname`,b.`nama`,b.`tahun`,a.`create_at` FROM detail_data_project a LEFT JOIN data_project b ON a.`id_project`=b.`id` LEFT JOIN users c ON a.`id_pembuat`=c.`id` WHERE a.`id_project`=')
 4 APPPATH\Controllers\Manajemen_Detail_Data_Project.php(18): CodeIgniter\Database\BaseConnection->query('SELECT a.judul,a.`id`,a.`nama_file`,a.`pesan`,c.`fullname`,b.`nama`,b.`tahun`,a.`create_at` FROM detail_data_project a LEFT JOIN data_project b ON a.`id_project`=b.`id` LEFT JOIN users c ON a.`id_pembuat`=c.`id` WHERE a.`id_project`=')
 5 SYSTEMPATH\CodeIgniter.php(896): App\Controllers\Manajemen_Detail_Data_Project->index()
 6 SYSTEMPATH\CodeIgniter.php(466): CodeIgniter\CodeIgniter->runController(Object(App\Controllers\Manajemen_Detail_Data_Project))
 7 SYSTEMPATH\CodeIgniter.php(349): CodeIgniter\CodeIgniter->handleRequest(null, Object(Config\Cache), false)
 8 FCPATH\index.php(55): CodeIgniter\CodeIgniter->run()
 9 SYSTEMPATH\Commands\Server\rewrite.php(43): require_once('FCPATH\\index.php')
ERROR - 2022-07-05 03:04:45 --> You have an error in your SQL syntax; check the manual that corresponds to your MariaDB server version for the right syntax to use near '' at line 1
CRITICAL - 2022-07-05 03:04:45 --> You have an error in your SQL syntax; check the manual that corresponds to your MariaDB server version for the right syntax to use near '' at line 1
in SYSTEMPATH\Database\MySQLi\Connection.php on line 292.
 1 SYSTEMPATH\Database\MySQLi\Connection.php(292): mysqli->query('SELECT a.judul,a.`id`,a.`nama_file`,a.`pesan`,c.`fullname`,b.`nama`,b.`tahun`,a.`create_at` FROM detail_data_project a LEFT JOIN data_project b ON a.`id_project`=b.`id` LEFT JOIN users c ON a.`id_pembuat`=c.`id` WHERE a.`id_project`=', 0)
 2 SYSTEMPATH\Database\BaseConnection.php(695): CodeIgniter\Database\MySQLi\Connection->execute('SELECT a.judul,a.`id`,a.`nama_file`,a.`pesan`,c.`fullname`,b.`nama`,b.`tahun`,a.`create_at` FROM detail_data_project a LEFT JOIN data_project b ON a.`id_project`=b.`id` LEFT JOIN users c ON a.`id_pembuat`=c.`id` WHERE a.`id_project`=')
 3 SYSTEMPATH\Database\BaseConnection.php(609): CodeIgniter\Database\BaseConnection->simpleQuery('SELECT a.judul,a.`id`,a.`nama_file`,a.`pesan`,c.`fullname`,b.`nama`,b.`tahun`,a.`create_at` FROM detail_data_project a LEFT JOIN data_project b ON a.`id_project`=b.`id` LEFT JOIN users c ON a.`id_pembuat`=c.`id` WHERE a.`id_project`=')
 4 APPPATH\Controllers\Manajemen_Detail_Data_Project.php(18): CodeIgniter\Database\BaseConnection->query('SELECT a.judul,a.`id`,a.`nama_file`,a.`pesan`,c.`fullname`,b.`nama`,b.`tahun`,a.`create_at` FROM detail_data_project a LEFT JOIN data_project b ON a.`id_project`=b.`id` LEFT JOIN users c ON a.`id_pembuat`=c.`id` WHERE a.`id_project`=')
 5 SYSTEMPATH\CodeIgniter.php(896): App\Controllers\Manajemen_Detail_Data_Project->index()
 6 SYSTEMPATH\CodeIgniter.php(466): CodeIgniter\CodeIgniter->runController(Object(App\Controllers\Manajemen_Detail_Data_Project))
 7 SYSTEMPATH\CodeIgniter.php(349): CodeIgniter\CodeIgniter->handleRequest(null, Object(Config\Cache), false)
 8 FCPATH\index.php(55): CodeIgniter\CodeIgniter->run()
 9 SYSTEMPATH\Commands\Server\rewrite.php(43): require_once('FCPATH\\index.php')
ERROR - 2022-07-05 03:04:46 --> You have an error in your SQL syntax; check the manual that corresponds to your MariaDB server version for the right syntax to use near '' at line 1
CRITICAL - 2022-07-05 03:04:46 --> You have an error in your SQL syntax; check the manual that corresponds to your MariaDB server version for the right syntax to use near '' at line 1
in SYSTEMPATH\Database\MySQLi\Connection.php on line 292.
 1 SYSTEMPATH\Database\MySQLi\Connection.php(292): mysqli->query('SELECT a.judul,a.`id`,a.`nama_file`,a.`pesan`,c.`fullname`,b.`nama`,b.`tahun`,a.`create_at` FROM detail_data_project a LEFT JOIN data_project b ON a.`id_project`=b.`id` LEFT JOIN users c ON a.`id_pembuat`=c.`id` WHERE a.`id_project`=', 0)
 2 SYSTEMPATH\Database\BaseConnection.php(695): CodeIgniter\Database\MySQLi\Connection->execute('SELECT a.judul,a.`id`,a.`nama_file`,a.`pesan`,c.`fullname`,b.`nama`,b.`tahun`,a.`create_at` FROM detail_data_project a LEFT JOIN data_project b ON a.`id_project`=b.`id` LEFT JOIN users c ON a.`id_pembuat`=c.`id` WHERE a.`id_project`=')
 3 SYSTEMPATH\Database\BaseConnection.php(609): CodeIgniter\Database\BaseConnection->simpleQuery('SELECT a.judul,a.`id`,a.`nama_file`,a.`pesan`,c.`fullname`,b.`nama`,b.`tahun`,a.`create_at` FROM detail_data_project a LEFT JOIN data_project b ON a.`id_project`=b.`id` LEFT JOIN users c ON a.`id_pembuat`=c.`id` WHERE a.`id_project`=')
 4 APPPATH\Controllers\Manajemen_Detail_Data_Project.php(18): CodeIgniter\Database\BaseConnection->query('SELECT a.judul,a.`id`,a.`nama_file`,a.`pesan`,c.`fullname`,b.`nama`,b.`tahun`,a.`create_at` FROM detail_data_project a LEFT JOIN data_project b ON a.`id_project`=b.`id` LEFT JOIN users c ON a.`id_pembuat`=c.`id` WHERE a.`id_project`=')
 5 SYSTEMPATH\CodeIgniter.php(896): App\Controllers\Manajemen_Detail_Data_Project->index()
 6 SYSTEMPATH\CodeIgniter.php(466): CodeIgniter\CodeIgniter->runController(Object(App\Controllers\Manajemen_Detail_Data_Project))
 7 SYSTEMPATH\CodeIgniter.php(349): CodeIgniter\CodeIgniter->handleRequest(null, Object(Config\Cache), false)
 8 FCPATH\index.php(55): CodeIgniter\CodeIgniter->run()
 9 SYSTEMPATH\Commands\Server\rewrite.php(43): require_once('FCPATH\\index.php')
ERROR - 2022-07-05 03:06:08 --> You have an error in your SQL syntax; check the manual that corresponds to your MariaDB server version for the right syntax to use near '' at line 1
CRITICAL - 2022-07-05 03:06:08 --> You have an error in your SQL syntax; check the manual that corresponds to your MariaDB server version for the right syntax to use near '' at line 1
in SYSTEMPATH\Database\MySQLi\Connection.php on line 292.
 1 SYSTEMPATH\Database\MySQLi\Connection.php(292): mysqli->query('SELECT a.judul,a.`id`,a.`nama_file`,a.`pesan`,c.`fullname`,b.`nama`,b.`tahun`,a.`create_at` FROM detail_data_project a LEFT JOIN data_project b ON a.`id_project`=b.`id` LEFT JOIN users c ON a.`id_pembuat`=c.`id` WHERE a.`id_project`=', 0)
 2 SYSTEMPATH\Database\BaseConnection.php(695): CodeIgniter\Database\MySQLi\Connection->execute('SELECT a.judul,a.`id`,a.`nama_file`,a.`pesan`,c.`fullname`,b.`nama`,b.`tahun`,a.`create_at` FROM detail_data_project a LEFT JOIN data_project b ON a.`id_project`=b.`id` LEFT JOIN users c ON a.`id_pembuat`=c.`id` WHERE a.`id_project`=')
 3 SYSTEMPATH\Database\BaseConnection.php(609): CodeIgniter\Database\BaseConnection->simpleQuery('SELECT a.judul,a.`id`,a.`nama_file`,a.`pesan`,c.`fullname`,b.`nama`,b.`tahun`,a.`create_at` FROM detail_data_project a LEFT JOIN data_project b ON a.`id_project`=b.`id` LEFT JOIN users c ON a.`id_pembuat`=c.`id` WHERE a.`id_project`=')
 4 APPPATH\Controllers\Manajemen_Detail_Data_Project.php(18): CodeIgniter\Database\BaseConnection->query('SELECT a.judul,a.`id`,a.`nama_file`,a.`pesan`,c.`fullname`,b.`nama`,b.`tahun`,a.`create_at` FROM detail_data_project a LEFT JOIN data_project b ON a.`id_project`=b.`id` LEFT JOIN users c ON a.`id_pembuat`=c.`id` WHERE a.`id_project`=')
 5 SYSTEMPATH\CodeIgniter.php(896): App\Controllers\Manajemen_Detail_Data_Project->index()
 6 SYSTEMPATH\CodeIgniter.php(466): CodeIgniter\CodeIgniter->runController(Object(App\Controllers\Manajemen_Detail_Data_Project))
 7 SYSTEMPATH\CodeIgniter.php(349): CodeIgniter\CodeIgniter->handleRequest(null, Object(Config\Cache), false)
 8 FCPATH\index.php(55): CodeIgniter\CodeIgniter->run()
 9 SYSTEMPATH\Commands\Server\rewrite.php(43): require_once('FCPATH\\index.php')
ERROR - 2022-07-05 03:06:36 --> You have an error in your SQL syntax; check the manual that corresponds to your MariaDB server version for the right syntax to use near '' at line 1
CRITICAL - 2022-07-05 03:06:36 --> You have an error in your SQL syntax; check the manual that corresponds to your MariaDB server version for the right syntax to use near '' at line 1
in SYSTEMPATH\Database\MySQLi\Connection.php on line 292.
 1 SYSTEMPATH\Database\MySQLi\Connection.php(292): mysqli->query('SELECT * FROM data_project WHERE `id`=', 0)
 2 SYSTEMPATH\Database\BaseConnection.php(695): CodeIgniter\Database\MySQLi\Connection->execute('SELECT * FROM data_project WHERE `id`=')
 3 SYSTEMPATH\Database\BaseConnection.php(609): CodeIgniter\Database\BaseConnection->simpleQuery('SELECT * FROM data_project WHERE `id`=')
 4 APPPATH\Controllers\Manajemen_Detail_Data_Project.php(19): CodeIgniter\Database\BaseConnection->query('SELECT * FROM data_project WHERE `id`=')
 5 SYSTEMPATH\CodeIgniter.php(896): App\Controllers\Manajemen_Detail_Data_Project->index()
 6 SYSTEMPATH\CodeIgniter.php(466): CodeIgniter\CodeIgniter->runController(Object(App\Controllers\Manajemen_Detail_Data_Project))
 7 SYSTEMPATH\CodeIgniter.php(349): CodeIgniter\CodeIgniter->handleRequest(null, Object(Config\Cache), false)
 8 FCPATH\index.php(55): CodeIgniter\CodeIgniter->run()
 9 SYSTEMPATH\Commands\Server\rewrite.php(43): require_once('FCPATH\\index.php')
ERROR - 2022-07-05 03:06:38 --> You have an error in your SQL syntax; check the manual that corresponds to your MariaDB server version for the right syntax to use near '' at line 1
CRITICAL - 2022-07-05 03:06:38 --> You have an error in your SQL syntax; check the manual that corresponds to your MariaDB server version for the right syntax to use near '' at line 1
in SYSTEMPATH\Database\MySQLi\Connection.php on line 292.
 1 SYSTEMPATH\Database\MySQLi\Connection.php(292): mysqli->query('SELECT * FROM data_project WHERE `id`=', 0)
 2 SYSTEMPATH\Database\BaseConnection.php(695): CodeIgniter\Database\MySQLi\Connection->execute('SELECT * FROM data_project WHERE `id`=')
 3 SYSTEMPATH\Database\BaseConnection.php(609): CodeIgniter\Database\BaseConnection->simpleQuery('SELECT * FROM data_project WHERE `id`=')
 4 APPPATH\Controllers\Manajemen_Detail_Data_Project.php(19): CodeIgniter\Database\BaseConnection->query('SELECT * FROM data_project WHERE `id`=')
 5 SYSTEMPATH\CodeIgniter.php(896): App\Controllers\Manajemen_Detail_Data_Project->index()
 6 SYSTEMPATH\CodeIgniter.php(466): CodeIgniter\CodeIgniter->runController(Object(App\Controllers\Manajemen_Detail_Data_Project))
 7 SYSTEMPATH\CodeIgniter.php(349): CodeIgniter\CodeIgniter->handleRequest(null, Object(Config\Cache), false)
 8 FCPATH\index.php(55): CodeIgniter\CodeIgniter->run()
 9 SYSTEMPATH\Commands\Server\rewrite.php(43): require_once('FCPATH\\index.php')
CRITICAL - 2022-07-05 03:06:47 --> Undefined variable: data_project
in APPPATH\Views\manajemen_detail_data_project.php on line 31.
 1 APPPATH\Views\manajemen_detail_data_project.php(31): CodeIgniter\Debug\Exceptions->errorHandler(8, 'Undefined variable: data_project', 'APPPATH\\Views\\manajemen_detail_data_project.php', 31, [])
 2 SYSTEMPATH\View\View.php(213): include('APPPATH\\Views\\manajemen_detail_data_project.php')
 3 SYSTEMPATH\View\View.php(216): CodeIgniter\View\View->CodeIgniter\View\{closure}()
 4 SYSTEMPATH\Common.php(1135): CodeIgniter\View\View->render('manajemen_detail_data_project', [], true)
 5 APPPATH\Controllers\Manajemen_Detail_Data_Project.php(21): view('manajemen_detail_data_project', [])
 6 SYSTEMPATH\CodeIgniter.php(896): App\Controllers\Manajemen_Detail_Data_Project->index()
 7 SYSTEMPATH\CodeIgniter.php(466): CodeIgniter\CodeIgniter->runController(Object(App\Controllers\Manajemen_Detail_Data_Project))
 8 SYSTEMPATH\CodeIgniter.php(349): CodeIgniter\CodeIgniter->handleRequest(null, Object(Config\Cache), false)
 9 FCPATH\index.php(55): CodeIgniter\CodeIgniter->run()
10 SYSTEMPATH\Commands\Server\rewrite.php(43): require_once('FCPATH\\index.php')
ERROR - 2022-07-05 03:07:46 --> You have an error in your SQL syntax; check the manual that corresponds to your MariaDB server version for the right syntax to use near '' at line 1
CRITICAL - 2022-07-05 03:07:46 --> You have an error in your SQL syntax; check the manual that corresponds to your MariaDB server version for the right syntax to use near '' at line 1
in SYSTEMPATH\Database\MySQLi\Connection.php on line 292.
 1 SYSTEMPATH\Database\MySQLi\Connection.php(292): mysqli->query('SELECT a.judul,a.`id`,a.`nama_file`,a.`pesan`,c.`fullname`,b.`nama`,b.`tahun`,a.`create_at` FROM detail_data_project a LEFT JOIN data_project b ON a.`id_project`=b.`id` LEFT JOIN users c ON a.`id_pembuat`=c.`id` WHERE a.`id_project`=', 0)
 2 SYSTEMPATH\Database\BaseConnection.php(695): CodeIgniter\Database\MySQLi\Connection->execute('SELECT a.judul,a.`id`,a.`nama_file`,a.`pesan`,c.`fullname`,b.`nama`,b.`tahun`,a.`create_at` FROM detail_data_project a LEFT JOIN data_project b ON a.`id_project`=b.`id` LEFT JOIN users c ON a.`id_pembuat`=c.`id` WHERE a.`id_project`=')
 3 SYSTEMPATH\Database\BaseConnection.php(609): CodeIgniter\Database\BaseConnection->simpleQuery('SELECT a.judul,a.`id`,a.`nama_file`,a.`pesan`,c.`fullname`,b.`nama`,b.`tahun`,a.`create_at` FROM detail_data_project a LEFT JOIN data_project b ON a.`id_project`=b.`id` LEFT JOIN users c ON a.`id_pembuat`=c.`id` WHERE a.`id_project`=')
 4 APPPATH\Controllers\Manajemen_Detail_Data_Project.php(18): CodeIgniter\Database\BaseConnection->query('SELECT a.judul,a.`id`,a.`nama_file`,a.`pesan`,c.`fullname`,b.`nama`,b.`tahun`,a.`create_at` FROM detail_data_project a LEFT JOIN data_project b ON a.`id_project`=b.`id` LEFT JOIN users c ON a.`id_pembuat`=c.`id` WHERE a.`id_project`=')
 5 SYSTEMPATH\CodeIgniter.php(896): App\Controllers\Manajemen_Detail_Data_Project->index()
 6 SYSTEMPATH\CodeIgniter.php(466): CodeIgniter\CodeIgniter->runController(Object(App\Controllers\Manajemen_Detail_Data_Project))
 7 SYSTEMPATH\CodeIgniter.php(349): CodeIgniter\CodeIgniter->handleRequest(null, Object(Config\Cache), false)
 8 FCPATH\index.php(55): CodeIgniter\CodeIgniter->run()
 9 SYSTEMPATH\Commands\Server\rewrite.php(43): require_once('FCPATH\\index.php')
ERROR - 2022-07-05 03:09:00 --> You have an error in your SQL syntax; check the manual that corresponds to your MariaDB server version for the right syntax to use near '' at line 1
CRITICAL - 2022-07-05 03:09:00 --> You have an error in your SQL syntax; check the manual that corresponds to your MariaDB server version for the right syntax to use near '' at line 1
in SYSTEMPATH\Database\MySQLi\Connection.php on line 292.
 1 SYSTEMPATH\Database\MySQLi\Connection.php(292): mysqli->query('SELECT a.judul,a.`id`,a.`nama_file`,a.`pesan`,c.`fullname`,b.`nama`,b.`tahun`,a.`create_at` FROM detail_data_project a LEFT JOIN data_project b ON a.`id_project`=b.`id` LEFT JOIN users c ON a.`id_pembuat`=c.`id` WHERE a.`id_project`=', 0)
 2 SYSTEMPATH\Database\BaseConnection.php(695): CodeIgniter\Database\MySQLi\Connection->execute('SELECT a.judul,a.`id`,a.`nama_file`,a.`pesan`,c.`fullname`,b.`nama`,b.`tahun`,a.`create_at` FROM detail_data_project a LEFT JOIN data_project b ON a.`id_project`=b.`id` LEFT JOIN users c ON a.`id_pembuat`=c.`id` WHERE a.`id_project`=')
 3 SYSTEMPATH\Database\BaseConnection.php(609): CodeIgniter\Database\BaseConnection->simpleQuery('SELECT a.judul,a.`id`,a.`nama_file`,a.`pesan`,c.`fullname`,b.`nama`,b.`tahun`,a.`create_at` FROM detail_data_project a LEFT JOIN data_project b ON a.`id_project`=b.`id` LEFT JOIN users c ON a.`id_pembuat`=c.`id` WHERE a.`id_project`=')
 4 APPPATH\Controllers\Manajemen_Detail_Data_Project.php(18): CodeIgniter\Database\BaseConnection->query('SELECT a.judul,a.`id`,a.`nama_file`,a.`pesan`,c.`fullname`,b.`nama`,b.`tahun`,a.`create_at` FROM detail_data_project a LEFT JOIN data_project b ON a.`id_project`=b.`id` LEFT JOIN users c ON a.`id_pembuat`=c.`id` WHERE a.`id_project`=')
 5 SYSTEMPATH\CodeIgniter.php(896): App\Controllers\Manajemen_Detail_Data_Project->index()
 6 SYSTEMPATH\CodeIgniter.php(466): CodeIgniter\CodeIgniter->runController(Object(App\Controllers\Manajemen_Detail_Data_Project))
 7 SYSTEMPATH\CodeIgniter.php(349): CodeIgniter\CodeIgniter->handleRequest(null, Object(Config\Cache), false)
 8 FCPATH\index.php(55): CodeIgniter\CodeIgniter->run()
 9 SYSTEMPATH\Commands\Server\rewrite.php(43): require_once('FCPATH\\index.php')
CRITICAL - 2022-07-05 03:10:42 --> Undefined variable: data_project
in APPPATH\Views\manajemen_detail_data_project.php on line 31.
 1 APPPATH\Views\manajemen_detail_data_project.php(31): CodeIgniter\Debug\Exceptions->errorHandler(8, 'Undefined variable: data_project', 'APPPATH\\Views\\manajemen_detail_data_project.php', 31, [...])
 2 SYSTEMPATH\View\View.php(213): include('APPPATH\\Views\\manajemen_detail_data_project.php')
 3 SYSTEMPATH\View\View.php(216): CodeIgniter\View\View->CodeIgniter\View\{closure}()
 4 SYSTEMPATH\Common.php(1135): CodeIgniter\View\View->render('manajemen_detail_data_project', [], true)
 5 APPPATH\Controllers\Manajemen_Detail_Data_Project.php(21): view('manajemen_detail_data_project', [...])
 6 SYSTEMPATH\CodeIgniter.php(896): App\Controllers\Manajemen_Detail_Data_Project->index()
 7 SYSTEMPATH\CodeIgniter.php(466): CodeIgniter\CodeIgniter->runController(Object(App\Controllers\Manajemen_Detail_Data_Project))
 8 SYSTEMPATH\CodeIgniter.php(349): CodeIgniter\CodeIgniter->handleRequest(null, Object(Config\Cache), false)
 9 FCPATH\index.php(55): CodeIgniter\CodeIgniter->run()
10 SYSTEMPATH\Commands\Server\rewrite.php(43): require_once('FCPATH\\index.php')
CRITICAL - 2022-07-05 03:10:43 --> Undefined variable: data_project
in APPPATH\Views\manajemen_detail_data_project.php on line 31.
 1 APPPATH\Views\manajemen_detail_data_project.php(31): CodeIgniter\Debug\Exceptions->errorHandler(8, 'Undefined variable: data_project', 'APPPATH\\Views\\manajemen_detail_data_project.php', 31, [...])
 2 SYSTEMPATH\View\View.php(213): include('APPPATH\\Views\\manajemen_detail_data_project.php')
 3 SYSTEMPATH\View\View.php(216): CodeIgniter\View\View->CodeIgniter\View\{closure}()
 4 SYSTEMPATH\Common.php(1135): CodeIgniter\View\View->render('manajemen_detail_data_project', [], true)
 5 APPPATH\Controllers\Manajemen_Detail_Data_Project.php(21): view('manajemen_detail_data_project', [...])
 6 SYSTEMPATH\CodeIgniter.php(896): App\Controllers\Manajemen_Detail_Data_Project->index()
 7 SYSTEMPATH\CodeIgniter.php(466): CodeIgniter\CodeIgniter->runController(Object(App\Controllers\Manajemen_Detail_Data_Project))
 8 SYSTEMPATH\CodeIgniter.php(349): CodeIgniter\CodeIgniter->handleRequest(null, Object(Config\Cache), false)
 9 FCPATH\index.php(55): CodeIgniter\CodeIgniter->run()
10 SYSTEMPATH\Commands\Server\rewrite.php(43): require_once('FCPATH\\index.php')
ERROR - 2022-07-05 03:10:56 --> You have an error in your SQL syntax; check the manual that corresponds to your MariaDB server version for the right syntax to use near '' at line 1
CRITICAL - 2022-07-05 03:10:56 --> You have an error in your SQL syntax; check the manual that corresponds to your MariaDB server version for the right syntax to use near '' at line 1
in SYSTEMPATH\Database\MySQLi\Connection.php on line 292.
 1 SYSTEMPATH\Database\MySQLi\Connection.php(292): mysqli->query('SELECT * FROM data_project WHERE `id`=', 0)
 2 SYSTEMPATH\Database\BaseConnection.php(695): CodeIgniter\Database\MySQLi\Connection->execute('SELECT * FROM data_project WHERE `id`=')
 3 SYSTEMPATH\Database\BaseConnection.php(609): CodeIgniter\Database\BaseConnection->simpleQuery('SELECT * FROM data_project WHERE `id`=')
 4 APPPATH\Controllers\Manajemen_Detail_Data_Project.php(19): CodeIgniter\Database\BaseConnection->query('SELECT * FROM data_project WHERE `id`=')
 5 SYSTEMPATH\CodeIgniter.php(896): App\Controllers\Manajemen_Detail_Data_Project->index()
 6 SYSTEMPATH\CodeIgniter.php(466): CodeIgniter\CodeIgniter->runController(Object(App\Controllers\Manajemen_Detail_Data_Project))
 7 SYSTEMPATH\CodeIgniter.php(349): CodeIgniter\CodeIgniter->handleRequest(null, Object(Config\Cache), false)
 8 FCPATH\index.php(55): CodeIgniter\CodeIgniter->run()
 9 SYSTEMPATH\Commands\Server\rewrite.php(43): require_once('FCPATH\\index.php')
ERROR - 2022-07-05 03:11:07 --> You have an error in your SQL syntax; check the manual that corresponds to your MariaDB server version for the right syntax to use near '' at line 1
CRITICAL - 2022-07-05 03:11:07 --> You have an error in your SQL syntax; check the manual that corresponds to your MariaDB server version for the right syntax to use near '' at line 1
in SYSTEMPATH\Database\MySQLi\Connection.php on line 292.
 1 SYSTEMPATH\Database\MySQLi\Connection.php(292): mysqli->query('SELECT * FROM data_project WHERE `id`=', 0)
 2 SYSTEMPATH\Database\BaseConnection.php(695): CodeIgniter\Database\MySQLi\Connection->execute('SELECT * FROM data_project WHERE `id`=')
 3 SYSTEMPATH\Database\BaseConnection.php(609): CodeIgniter\Database\BaseConnection->simpleQuery('SELECT * FROM data_project WHERE `id`=')
 4 APPPATH\Controllers\Manajemen_Detail_Data_Project.php(19): CodeIgniter\Database\BaseConnection->query('SELECT * FROM data_project WHERE `id`=')
 5 SYSTEMPATH\CodeIgniter.php(896): App\Controllers\Manajemen_Detail_Data_Project->index()
 6 SYSTEMPATH\CodeIgniter.php(466): CodeIgniter\CodeIgniter->runController(Object(App\Controllers\Manajemen_Detail_Data_Project))
 7 SYSTEMPATH\CodeIgniter.php(349): CodeIgniter\CodeIgniter->handleRequest(null, Object(Config\Cache), false)
 8 FCPATH\index.php(55): CodeIgniter\CodeIgniter->run()
 9 SYSTEMPATH\Commands\Server\rewrite.php(43): require_once('FCPATH\\index.php')
ERROR - 2022-07-05 03:12:39 --> You have an error in your SQL syntax; check the manual that corresponds to your MariaDB server version for the right syntax to use near '' at line 1
CRITICAL - 2022-07-05 03:12:39 --> You have an error in your SQL syntax; check the manual that corresponds to your MariaDB server version for the right syntax to use near '' at line 1
in SYSTEMPATH\Database\MySQLi\Connection.php on line 292.
 1 SYSTEMPATH\Database\MySQLi\Connection.php(292): mysqli->query('SELECT a.`judul`,a.`id`,a.`nama_file`,a.`pesan`,c.`fullname`,b.`nama`,b.`tahun`,a.`create_at` FROM detail_data_project a LEFT JOIN data_project b ON a.`id_project`=b.`id` LEFT JOIN users c ON a.`id_pembuat`=c.`id` WHERE a.`id_project`=', 0)
 2 SYSTEMPATH\Database\BaseConnection.php(695): CodeIgniter\Database\MySQLi\Connection->execute('SELECT a.`judul`,a.`id`,a.`nama_file`,a.`pesan`,c.`fullname`,b.`nama`,b.`tahun`,a.`create_at` FROM detail_data_project a LEFT JOIN data_project b ON a.`id_project`=b.`id` LEFT JOIN users c ON a.`id_pembuat`=c.`id` WHERE a.`id_project`=')
 3 SYSTEMPATH\Database\BaseConnection.php(609): CodeIgniter\Database\BaseConnection->simpleQuery('SELECT a.`judul`,a.`id`,a.`nama_file`,a.`pesan`,c.`fullname`,b.`nama`,b.`tahun`,a.`create_at` FROM detail_data_project a LEFT JOIN data_project b ON a.`id_project`=b.`id` LEFT JOIN users c ON a.`id_pembuat`=c.`id` WHERE a.`id_project`=')
 4 APPPATH\Controllers\Manajemen_Detail_Data_Project.php(18): CodeIgniter\Database\BaseConnection->query('SELECT a.`judul`,a.`id`,a.`nama_file`,a.`pesan`,c.`fullname`,b.`nama`,b.`tahun`,a.`create_at` FROM detail_data_project a LEFT JOIN data_project b ON a.`id_project`=b.`id` LEFT JOIN users c ON a.`id_pembuat`=c.`id` WHERE a.`id_project`=')
 5 SYSTEMPATH\CodeIgniter.php(896): App\Controllers\Manajemen_Detail_Data_Project->index()
 6 SYSTEMPATH\CodeIgniter.php(466): CodeIgniter\CodeIgniter->runController(Object(App\Controllers\Manajemen_Detail_Data_Project))
 7 SYSTEMPATH\CodeIgniter.php(349): CodeIgniter\CodeIgniter->handleRequest(null, Object(Config\Cache), false)
 8 FCPATH\index.php(55): CodeIgniter\CodeIgniter->run()
 9 SYSTEMPATH\Commands\Server\rewrite.php(43): require_once('FCPATH\\index.php')
ERROR - 2022-07-05 03:13:53 --> You have an error in your SQL syntax; check the manual that corresponds to your MariaDB server version for the right syntax to use near '' at line 1
CRITICAL - 2022-07-05 03:13:53 --> You have an error in your SQL syntax; check the manual that corresponds to your MariaDB server version for the right syntax to use near '' at line 1
in SYSTEMPATH\Database\MySQLi\Connection.php on line 292.
 1 SYSTEMPATH\Database\MySQLi\Connection.php(292): mysqli->query('SELECT a.`judul`,a.`id`,a.`nama_file`,a.`pesan`,c.`fullname`,b.`nama`,b.`tahun`,a.`create_at` FROM detail_data_project a LEFT JOIN data_project b ON a.`id_project`=b.`id` LEFT JOIN users c ON a.`id_pembuat`=c.`id` WHERE a.`id_project`=', 0)
 2 SYSTEMPATH\Database\BaseConnection.php(695): CodeIgniter\Database\MySQLi\Connection->execute('SELECT a.`judul`,a.`id`,a.`nama_file`,a.`pesan`,c.`fullname`,b.`nama`,b.`tahun`,a.`create_at` FROM detail_data_project a LEFT JOIN data_project b ON a.`id_project`=b.`id` LEFT JOIN users c ON a.`id_pembuat`=c.`id` WHERE a.`id_project`=')
 3 SYSTEMPATH\Database\BaseConnection.php(609): CodeIgniter\Database\BaseConnection->simpleQuery('SELECT a.`judul`,a.`id`,a.`nama_file`,a.`pesan`,c.`fullname`,b.`nama`,b.`tahun`,a.`create_at` FROM detail_data_project a LEFT JOIN data_project b ON a.`id_project`=b.`id` LEFT JOIN users c ON a.`id_pembuat`=c.`id` WHERE a.`id_project`=')
 4 APPPATH\Controllers\Manajemen_Detail_Data_Project.php(18): CodeIgniter\Database\BaseConnection->query('SELECT a.`judul`,a.`id`,a.`nama_file`,a.`pesan`,c.`fullname`,b.`nama`,b.`tahun`,a.`create_at` FROM detail_data_project a LEFT JOIN data_project b ON a.`id_project`=b.`id` LEFT JOIN users c ON a.`id_pembuat`=c.`id` WHERE a.`id_project`=')
 5 SYSTEMPATH\CodeIgniter.php(896): App\Controllers\Manajemen_Detail_Data_Project->index()
 6 SYSTEMPATH\CodeIgniter.php(466): CodeIgniter\CodeIgniter->runController(Object(App\Controllers\Manajemen_Detail_Data_Project))
 7 SYSTEMPATH\CodeIgniter.php(349): CodeIgniter\CodeIgniter->handleRequest(null, Object(Config\Cache), false)
 8 FCPATH\index.php(55): CodeIgniter\CodeIgniter->run()
 9 SYSTEMPATH\Commands\Server\rewrite.php(43): require_once('FCPATH\\index.php')
ERROR - 2022-07-05 03:14:10 --> You have an error in your SQL syntax; check the manual that corresponds to your MariaDB server version for the right syntax to use near '' at line 1
CRITICAL - 2022-07-05 03:14:10 --> You have an error in your SQL syntax; check the manual that corresponds to your MariaDB server version for the right syntax to use near '' at line 1
in SYSTEMPATH\Database\MySQLi\Connection.php on line 292.
 1 SYSTEMPATH\Database\MySQLi\Connection.php(292): mysqli->query('SELECT a.`judul`,a.`id`,a.`nama_file`,a.`pesan`,c.`fullname`,b.`nama`,b.`tahun`,a.`create_at` FROM detail_data_project a LEFT JOIN data_project b ON a.`id_project`=b.`id` LEFT JOIN users c ON a.`id_pembuat`=c.`id` WHERE a.`id_project`=', 0)
 2 SYSTEMPATH\Database\BaseConnection.php(695): CodeIgniter\Database\MySQLi\Connection->execute('SELECT a.`judul`,a.`id`,a.`nama_file`,a.`pesan`,c.`fullname`,b.`nama`,b.`tahun`,a.`create_at` FROM detail_data_project a LEFT JOIN data_project b ON a.`id_project`=b.`id` LEFT JOIN users c ON a.`id_pembuat`=c.`id` WHERE a.`id_project`=')
 3 SYSTEMPATH\Database\BaseConnection.php(609): CodeIgniter\Database\BaseConnection->simpleQuery('SELECT a.`judul`,a.`id`,a.`nama_file`,a.`pesan`,c.`fullname`,b.`nama`,b.`tahun`,a.`create_at` FROM detail_data_project a LEFT JOIN data_project b ON a.`id_project`=b.`id` LEFT JOIN users c ON a.`id_pembuat`=c.`id` WHERE a.`id_project`=')
 4 APPPATH\Controllers\Manajemen_Detail_Data_Project.php(18): CodeIgniter\Database\BaseConnection->query('SELECT a.`judul`,a.`id`,a.`nama_file`,a.`pesan`,c.`fullname`,b.`nama`,b.`tahun`,a.`create_at` FROM detail_data_project a LEFT JOIN data_project b ON a.`id_project`=b.`id` LEFT JOIN users c ON a.`id_pembuat`=c.`id` WHERE a.`id_project`=')
 5 SYSTEMPATH\CodeIgniter.php(896): App\Controllers\Manajemen_Detail_Data_Project->index()
 6 SYSTEMPATH\CodeIgniter.php(466): CodeIgniter\CodeIgniter->runController(Object(App\Controllers\Manajemen_Detail_Data_Project))
 7 SYSTEMPATH\CodeIgniter.php(349): CodeIgniter\CodeIgniter->handleRequest(null, Object(Config\Cache), false)
 8 FCPATH\index.php(55): CodeIgniter\CodeIgniter->run()
 9 SYSTEMPATH\Commands\Server\rewrite.php(43): require_once('FCPATH\\index.php')
ERROR - 2022-07-05 03:14:11 --> You have an error in your SQL syntax; check the manual that corresponds to your MariaDB server version for the right syntax to use near '' at line 1
CRITICAL - 2022-07-05 03:14:11 --> You have an error in your SQL syntax; check the manual that corresponds to your MariaDB server version for the right syntax to use near '' at line 1
in SYSTEMPATH\Database\MySQLi\Connection.php on line 292.
 1 SYSTEMPATH\Database\MySQLi\Connection.php(292): mysqli->query('SELECT a.`judul`,a.`id`,a.`nama_file`,a.`pesan`,c.`fullname`,b.`nama`,b.`tahun`,a.`create_at` FROM detail_data_project a LEFT JOIN data_project b ON a.`id_project`=b.`id` LEFT JOIN users c ON a.`id_pembuat`=c.`id` WHERE a.`id_project`=', 0)
 2 SYSTEMPATH\Database\BaseConnection.php(695): CodeIgniter\Database\MySQLi\Connection->execute('SELECT a.`judul`,a.`id`,a.`nama_file`,a.`pesan`,c.`fullname`,b.`nama`,b.`tahun`,a.`create_at` FROM detail_data_project a LEFT JOIN data_project b ON a.`id_project`=b.`id` LEFT JOIN users c ON a.`id_pembuat`=c.`id` WHERE a.`id_project`=')
 3 SYSTEMPATH\Database\BaseConnection.php(609): CodeIgniter\Database\BaseConnection->simpleQuery('SELECT a.`judul`,a.`id`,a.`nama_file`,a.`pesan`,c.`fullname`,b.`nama`,b.`tahun`,a.`create_at` FROM detail_data_project a LEFT JOIN data_project b ON a.`id_project`=b.`id` LEFT JOIN users c ON a.`id_pembuat`=c.`id` WHERE a.`id_project`=')
 4 APPPATH\Controllers\Manajemen_Detail_Data_Project.php(18): CodeIgniter\Database\BaseConnection->query('SELECT a.`judul`,a.`id`,a.`nama_file`,a.`pesan`,c.`fullname`,b.`nama`,b.`tahun`,a.`create_at` FROM detail_data_project a LEFT JOIN data_project b ON a.`id_project`=b.`id` LEFT JOIN users c ON a.`id_pembuat`=c.`id` WHERE a.`id_project`=')
 5 SYSTEMPATH\CodeIgniter.php(896): App\Controllers\Manajemen_Detail_Data_Project->index()
 6 SYSTEMPATH\CodeIgniter.php(466): CodeIgniter\CodeIgniter->runController(Object(App\Controllers\Manajemen_Detail_Data_Project))
 7 SYSTEMPATH\CodeIgniter.php(349): CodeIgniter\CodeIgniter->handleRequest(null, Object(Config\Cache), false)
 8 FCPATH\index.php(55): CodeIgniter\CodeIgniter->run()
 9 SYSTEMPATH\Commands\Server\rewrite.php(43): require_once('FCPATH\\index.php')
CRITICAL - 2022-07-05 03:24:11 --> Call to undefined method CodeIgniter\Session\Session::set_userdata()
in APPPATH\Views\manajemen_data_project.php on line 146.
 1 SYSTEMPATH\View\View.php(213): include()
 2 SYSTEMPATH\View\View.php(216): CodeIgniter\View\View->CodeIgniter\View\{closure}()
 3 SYSTEMPATH\Common.php(1135): CodeIgniter\View\View->render('manajemen_data_project', [], true)
 4 APPPATH\Controllers\Manajemen_Data_Project.php(19): view('manajemen_data_project', [...])
 5 SYSTEMPATH\CodeIgniter.php(896): App\Controllers\Manajemen_Data_Project->index()
 6 SYSTEMPATH\CodeIgniter.php(466): CodeIgniter\CodeIgniter->runController(Object(App\Controllers\Manajemen_Data_Project))
 7 SYSTEMPATH\CodeIgniter.php(349): CodeIgniter\CodeIgniter->handleRequest(null, Object(Config\Cache), false)
 8 FCPATH\index.php(55): CodeIgniter\CodeIgniter->run()
 9 SYSTEMPATH\Commands\Server\rewrite.php(43): require_once('FCPATH\\index.php')
CRITICAL - 2022-07-05 03:26:54 --> Call to undefined method CodeIgniter\Session\Session::userdata()
in APPPATH\Controllers\Manajemen_Detail_Data_Project.php on line 17.
 1 SYSTEMPATH\CodeIgniter.php(896): App\Controllers\Manajemen_Detail_Data_Project->index()
 2 SYSTEMPATH\CodeIgniter.php(466): CodeIgniter\CodeIgniter->runController(Object(App\Controllers\Manajemen_Detail_Data_Project))
 3 SYSTEMPATH\CodeIgniter.php(349): CodeIgniter\CodeIgniter->handleRequest(null, Object(Config\Cache), false)
 4 FCPATH\index.php(55): CodeIgniter\CodeIgniter->run()
 5 SYSTEMPATH\Commands\Server\rewrite.php(43): require_once('FCPATH\\index.php')
CRITICAL - 2022-07-05 03:27:29 --> Call to undefined method CodeIgniter\Session\Session::userdata()
in APPPATH\Controllers\Manajemen_Detail_Data_Project.php on line 17.
 1 SYSTEMPATH\CodeIgniter.php(896): App\Controllers\Manajemen_Detail_Data_Project->index()
 2 SYSTEMPATH\CodeIgniter.php(466): CodeIgniter\CodeIgniter->runController(Object(App\Controllers\Manajemen_Detail_Data_Project))
 3 SYSTEMPATH\CodeIgniter.php(349): CodeIgniter\CodeIgniter->handleRequest(null, Object(Config\Cache), false)
 4 FCPATH\index.php(55): CodeIgniter\CodeIgniter->run()
 5 SYSTEMPATH\Commands\Server\rewrite.php(43): require_once('FCPATH\\index.php')
CRITICAL - 2022-07-05 03:27:50 --> Call to undefined method CodeIgniter\Session\Session::userdata()
in APPPATH\Controllers\Manajemen_Detail_Data_Project.php on line 18.
 1 SYSTEMPATH\CodeIgniter.php(896): App\Controllers\Manajemen_Detail_Data_Project->index()
 2 SYSTEMPATH\CodeIgniter.php(466): CodeIgniter\CodeIgniter->runController(Object(App\Controllers\Manajemen_Detail_Data_Project))
 3 SYSTEMPATH\CodeIgniter.php(349): CodeIgniter\CodeIgniter->handleRequest(null, Object(Config\Cache), false)
 4 FCPATH\index.php(55): CodeIgniter\CodeIgniter->run()
 5 SYSTEMPATH\Commands\Server\rewrite.php(43): require_once('FCPATH\\index.php')
CRITICAL - 2022-07-05 03:28:40 --> Call to undefined method CodeIgniter\Session\Session::set_userdata()
in APPPATH\Controllers\Manajemen_Detail_Data_Project.php on line 18.
 1 SYSTEMPATH\CodeIgniter.php(896): App\Controllers\Manajemen_Detail_Data_Project->index()
 2 SYSTEMPATH\CodeIgniter.php(466): CodeIgniter\CodeIgniter->runController(Object(App\Controllers\Manajemen_Detail_Data_Project))
 3 SYSTEMPATH\CodeIgniter.php(349): CodeIgniter\CodeIgniter->handleRequest(null, Object(Config\Cache), false)
 4 FCPATH\index.php(55): CodeIgniter\CodeIgniter->run()
 5 SYSTEMPATH\Commands\Server\rewrite.php(43): require_once('FCPATH\\index.php')
CRITICAL - 2022-07-05 03:29:15 --> Undefined property: App\Controllers\Manajemen_Detail_Data_Project::$load
in APPPATH\Controllers\Manajemen_Detail_Data_Project.php on line 12.
 1 APPPATH\Controllers\Manajemen_Detail_Data_Project.php(12): CodeIgniter\Debug\Exceptions->errorHandler(8, 'Undefined property: App\\Controllers\\Manajemen_Detail_Data_Project::$load', 'APPPATH\\Controllers\\Manajemen_Detail_Data_Project.php', 12, [])
 2 SYSTEMPATH\CodeIgniter.php(858): App\Controllers\Manajemen_Detail_Data_Project->__construct()
 3 SYSTEMPATH\CodeIgniter.php(457): CodeIgniter\CodeIgniter->createController()
 4 SYSTEMPATH\CodeIgniter.php(349): CodeIgniter\CodeIgniter->handleRequest(null, Object(Config\Cache), false)
 5 FCPATH\index.php(55): CodeIgniter\CodeIgniter->run()
 6 SYSTEMPATH\Commands\Server\rewrite.php(43): require_once('FCPATH\\index.php')
ERROR - 2022-07-05 03:39:16 --> You have an error in your SQL syntax; check the manual that corresponds to your MariaDB server version for the right syntax to use near '' at line 1
CRITICAL - 2022-07-05 03:39:16 --> You have an error in your SQL syntax; check the manual that corresponds to your MariaDB server version for the right syntax to use near '' at line 1
in SYSTEMPATH\Database\MySQLi\Connection.php on line 292.
 1 SYSTEMPATH\Database\MySQLi\Connection.php(292): mysqli->query('SELECT a.`judul`,a.`id`,a.`nama_file`,a.`pesan`,c.`fullname`,b.`nama`,b.`tahun`,a.`create_at` FROM detail_data_project a LEFT JOIN data_project b ON a.`id_project`=b.`id` LEFT JOIN users c ON a.`id_pembuat`=c.`id` WHERE a.`id_project`=', 0)
 2 SYSTEMPATH\Database\BaseConnection.php(695): CodeIgniter\Database\MySQLi\Connection->execute('SELECT a.`judul`,a.`id`,a.`nama_file`,a.`pesan`,c.`fullname`,b.`nama`,b.`tahun`,a.`create_at` FROM detail_data_project a LEFT JOIN data_project b ON a.`id_project`=b.`id` LEFT JOIN users c ON a.`id_pembuat`=c.`id` WHERE a.`id_project`=')
 3 SYSTEMPATH\Database\BaseConnection.php(609): CodeIgniter\Database\BaseConnection->simpleQuery('SELECT a.`judul`,a.`id`,a.`nama_file`,a.`pesan`,c.`fullname`,b.`nama`,b.`tahun`,a.`create_at` FROM detail_data_project a LEFT JOIN data_project b ON a.`id_project`=b.`id` LEFT JOIN users c ON a.`id_pembuat`=c.`id` WHERE a.`id_project`=')
 4 APPPATH\Controllers\Manajemen_Detail_Data_Project.php(20): CodeIgniter\Database\BaseConnection->query('SELECT a.`judul`,a.`id`,a.`nama_file`,a.`pesan`,c.`fullname`,b.`nama`,b.`tahun`,a.`create_at` FROM detail_data_project a LEFT JOIN data_project b ON a.`id_project`=b.`id` LEFT JOIN users c ON a.`id_pembuat`=c.`id` WHERE a.`id_project`=')
 5 SYSTEMPATH\CodeIgniter.php(896): App\Controllers\Manajemen_Detail_Data_Project->index()
 6 SYSTEMPATH\CodeIgniter.php(466): CodeIgniter\CodeIgniter->runController(Object(App\Controllers\Manajemen_Detail_Data_Project))
 7 SYSTEMPATH\CodeIgniter.php(349): CodeIgniter\CodeIgniter->handleRequest(null, Object(Config\Cache), false)
 8 FCPATH\index.php(55): CodeIgniter\CodeIgniter->run()
 9 SYSTEMPATH\Commands\Server\rewrite.php(43): require_once('FCPATH\\index.php')
ERROR - 2022-07-05 03:41:24 --> You have an error in your SQL syntax; check the manual that corresponds to your MariaDB server version for the right syntax to use near '' at line 1
CRITICAL - 2022-07-05 03:41:24 --> You have an error in your SQL syntax; check the manual that corresponds to your MariaDB server version for the right syntax to use near '' at line 1
in SYSTEMPATH\Database\MySQLi\Connection.php on line 292.
 1 SYSTEMPATH\Database\MySQLi\Connection.php(292): mysqli->query('SELECT a.`judul`,a.`id`,a.`nama_file`,a.`pesan`,c.`fullname`,b.`nama`,b.`tahun`,a.`create_at` FROM detail_data_project a LEFT JOIN data_project b ON a.`id_project`=b.`id` LEFT JOIN users c ON a.`id_pembuat`=c.`id` WHERE a.`id_project`=', 0)
 2 SYSTEMPATH\Database\BaseConnection.php(695): CodeIgniter\Database\MySQLi\Connection->execute('SELECT a.`judul`,a.`id`,a.`nama_file`,a.`pesan`,c.`fullname`,b.`nama`,b.`tahun`,a.`create_at` FROM detail_data_project a LEFT JOIN data_project b ON a.`id_project`=b.`id` LEFT JOIN users c ON a.`id_pembuat`=c.`id` WHERE a.`id_project`=')
 3 SYSTEMPATH\Database\BaseConnection.php(609): CodeIgniter\Database\BaseConnection->simpleQuery('SELECT a.`judul`,a.`id`,a.`nama_file`,a.`pesan`,c.`fullname`,b.`nama`,b.`tahun`,a.`create_at` FROM detail_data_project a LEFT JOIN data_project b ON a.`id_project`=b.`id` LEFT JOIN users c ON a.`id_pembuat`=c.`id` WHERE a.`id_project`=')
 4 APPPATH\Controllers\Manajemen_Detail_Data_Project.php(22): CodeIgniter\Database\BaseConnection->query('SELECT a.`judul`,a.`id`,a.`nama_file`,a.`pesan`,c.`fullname`,b.`nama`,b.`tahun`,a.`create_at` FROM detail_data_project a LEFT JOIN data_project b ON a.`id_project`=b.`id` LEFT JOIN users c ON a.`id_pembuat`=c.`id` WHERE a.`id_project`=')
 5 SYSTEMPATH\CodeIgniter.php(896): App\Controllers\Manajemen_Detail_Data_Project->index()
 6 SYSTEMPATH\CodeIgniter.php(466): CodeIgniter\CodeIgniter->runController(Object(App\Controllers\Manajemen_Detail_Data_Project))
 7 SYSTEMPATH\CodeIgniter.php(349): CodeIgniter\CodeIgniter->handleRequest(null, Object(Config\Cache), false)
 8 FCPATH\index.php(55): CodeIgniter\CodeIgniter->run()
 9 SYSTEMPATH\Commands\Server\rewrite.php(43): require_once('FCPATH\\index.php')
ERROR - 2022-07-05 03:42:15 --> You have an error in your SQL syntax; check the manual that corresponds to your MariaDB server version for the right syntax to use near '' at line 1
CRITICAL - 2022-07-05 03:42:15 --> You have an error in your SQL syntax; check the manual that corresponds to your MariaDB server version for the right syntax to use near '' at line 1
in SYSTEMPATH\Database\MySQLi\Connection.php on line 292.
 1 SYSTEMPATH\Database\MySQLi\Connection.php(292): mysqli->query('SELECT a.`judul`,a.`id`,a.`nama_file`,a.`pesan`,c.`fullname`,b.`nama`,b.`tahun`,a.`create_at` FROM detail_data_project a LEFT JOIN data_project b ON a.`id_project`=b.`id` LEFT JOIN users c ON a.`id_pembuat`=c.`id` WHERE a.`id_project`=', 0)
 2 SYSTEMPATH\Database\BaseConnection.php(695): CodeIgniter\Database\MySQLi\Connection->execute('SELECT a.`judul`,a.`id`,a.`nama_file`,a.`pesan`,c.`fullname`,b.`nama`,b.`tahun`,a.`create_at` FROM detail_data_project a LEFT JOIN data_project b ON a.`id_project`=b.`id` LEFT JOIN users c ON a.`id_pembuat`=c.`id` WHERE a.`id_project`=')
 3 SYSTEMPATH\Database\BaseConnection.php(609): CodeIgniter\Database\BaseConnection->simpleQuery('SELECT a.`judul`,a.`id`,a.`nama_file`,a.`pesan`,c.`fullname`,b.`nama`,b.`tahun`,a.`create_at` FROM detail_data_project a LEFT JOIN data_project b ON a.`id_project`=b.`id` LEFT JOIN users c ON a.`id_pembuat`=c.`id` WHERE a.`id_project`=')
 4 APPPATH\Controllers\Manajemen_Detail_Data_Project.php(22): CodeIgniter\Database\BaseConnection->query('SELECT a.`judul`,a.`id`,a.`nama_file`,a.`pesan`,c.`fullname`,b.`nama`,b.`tahun`,a.`create_at` FROM detail_data_project a LEFT JOIN data_project b ON a.`id_project`=b.`id` LEFT JOIN users c ON a.`id_pembuat`=c.`id` WHERE a.`id_project`=')
 5 SYSTEMPATH\CodeIgniter.php(896): App\Controllers\Manajemen_Detail_Data_Project->index()
 6 SYSTEMPATH\CodeIgniter.php(466): CodeIgniter\CodeIgniter->runController(Object(App\Controllers\Manajemen_Detail_Data_Project))
 7 SYSTEMPATH\CodeIgniter.php(349): CodeIgniter\CodeIgniter->handleRequest(null, Object(Config\Cache), false)
 8 FCPATH\index.php(55): CodeIgniter\CodeIgniter->run()
 9 SYSTEMPATH\Commands\Server\rewrite.php(43): require_once('FCPATH\\index.php')
ERROR - 2022-07-05 03:42:40 --> You have an error in your SQL syntax; check the manual that corresponds to your MariaDB server version for the right syntax to use near '' at line 1
CRITICAL - 2022-07-05 03:42:40 --> You have an error in your SQL syntax; check the manual that corresponds to your MariaDB server version for the right syntax to use near '' at line 1
in SYSTEMPATH\Database\MySQLi\Connection.php on line 292.
 1 SYSTEMPATH\Database\MySQLi\Connection.php(292): mysqli->query('SELECT a.`judul`,a.`id`,a.`nama_file`,a.`pesan`,c.`fullname`,b.`nama`,b.`tahun`,a.`create_at` FROM detail_data_project a LEFT JOIN data_project b ON a.`id_project`=b.`id` LEFT JOIN users c ON a.`id_pembuat`=c.`id` WHERE a.`id_project`=', 0)
 2 SYSTEMPATH\Database\BaseConnection.php(695): CodeIgniter\Database\MySQLi\Connection->execute('SELECT a.`judul`,a.`id`,a.`nama_file`,a.`pesan`,c.`fullname`,b.`nama`,b.`tahun`,a.`create_at` FROM detail_data_project a LEFT JOIN data_project b ON a.`id_project`=b.`id` LEFT JOIN users c ON a.`id_pembuat`=c.`id` WHERE a.`id_project`=')
 3 SYSTEMPATH\Database\BaseConnection.php(609): CodeIgniter\Database\BaseConnection->simpleQuery('SELECT a.`judul`,a.`id`,a.`nama_file`,a.`pesan`,c.`fullname`,b.`nama`,b.`tahun`,a.`create_at` FROM detail_data_project a LEFT JOIN data_project b ON a.`id_project`=b.`id` LEFT JOIN users c ON a.`id_pembuat`=c.`id` WHERE a.`id_project`=')
 4 APPPATH\Controllers\Manajemen_Detail_Data_Project.php(22): CodeIgniter\Database\BaseConnection->query('SELECT a.`judul`,a.`id`,a.`nama_file`,a.`pesan`,c.`fullname`,b.`nama`,b.`tahun`,a.`create_at` FROM detail_data_project a LEFT JOIN data_project b ON a.`id_project`=b.`id` LEFT JOIN users c ON a.`id_pembuat`=c.`id` WHERE a.`id_project`=')
 5 SYSTEMPATH\CodeIgniter.php(896): App\Controllers\Manajemen_Detail_Data_Project->index()
 6 SYSTEMPATH\CodeIgniter.php(466): CodeIgniter\CodeIgniter->runController(Object(App\Controllers\Manajemen_Detail_Data_Project))
 7 SYSTEMPATH\CodeIgniter.php(349): CodeIgniter\CodeIgniter->handleRequest(null, Object(Config\Cache), false)
 8 FCPATH\index.php(55): CodeIgniter\CodeIgniter->run()
 9 SYSTEMPATH\Commands\Server\rewrite.php(43): require_once('FCPATH\\index.php')
ERROR - 2022-07-05 03:45:45 --> You have an error in your SQL syntax; check the manual that corresponds to your MariaDB server version for the right syntax to use near '' at line 1
CRITICAL - 2022-07-05 03:45:45 --> You have an error in your SQL syntax; check the manual that corresponds to your MariaDB server version for the right syntax to use near '' at line 1
in SYSTEMPATH\Database\MySQLi\Connection.php on line 292.
 1 SYSTEMPATH\Database\MySQLi\Connection.php(292): mysqli->query('SELECT a.`judul`,a.`id`,a.`nama_file`,a.`pesan`,c.`fullname`,b.`nama`,b.`tahun`,a.`create_at` FROM detail_data_project a LEFT JOIN data_project b ON a.`id_project`=b.`id` LEFT JOIN users c ON a.`id_pembuat`=c.`id` WHERE a.`id_project`=', 0)
 2 SYSTEMPATH\Database\BaseConnection.php(695): CodeIgniter\Database\MySQLi\Connection->execute('SELECT a.`judul`,a.`id`,a.`nama_file`,a.`pesan`,c.`fullname`,b.`nama`,b.`tahun`,a.`create_at` FROM detail_data_project a LEFT JOIN data_project b ON a.`id_project`=b.`id` LEFT JOIN users c ON a.`id_pembuat`=c.`id` WHERE a.`id_project`=')
 3 SYSTEMPATH\Database\BaseConnection.php(609): CodeIgniter\Database\BaseConnection->simpleQuery('SELECT a.`judul`,a.`id`,a.`nama_file`,a.`pesan`,c.`fullname`,b.`nama`,b.`tahun`,a.`create_at` FROM detail_data_project a LEFT JOIN data_project b ON a.`id_project`=b.`id` LEFT JOIN users c ON a.`id_pembuat`=c.`id` WHERE a.`id_project`=')
 4 APPPATH\Controllers\Manajemen_Detail_Data_Project.php(21): CodeIgniter\Database\BaseConnection->query('SELECT a.`judul`,a.`id`,a.`nama_file`,a.`pesan`,c.`fullname`,b.`nama`,b.`tahun`,a.`create_at` FROM detail_data_project a LEFT JOIN data_project b ON a.`id_project`=b.`id` LEFT JOIN users c ON a.`id_pembuat`=c.`id` WHERE a.`id_project`=')
 5 SYSTEMPATH\CodeIgniter.php(896): App\Controllers\Manajemen_Detail_Data_Project->index()
 6 SYSTEMPATH\CodeIgniter.php(466): CodeIgniter\CodeIgniter->runController(Object(App\Controllers\Manajemen_Detail_Data_Project))
 7 SYSTEMPATH\CodeIgniter.php(349): CodeIgniter\CodeIgniter->handleRequest(null, Object(Config\Cache), false)
 8 FCPATH\index.php(55): CodeIgniter\CodeIgniter->run()
 9 SYSTEMPATH\Commands\Server\rewrite.php(43): require_once('FCPATH\\index.php')
ERROR - 2022-07-05 03:47:26 --> You have an error in your SQL syntax; check the manual that corresponds to your MariaDB server version for the right syntax to use near '' at line 1
CRITICAL - 2022-07-05 03:47:26 --> You have an error in your SQL syntax; check the manual that corresponds to your MariaDB server version for the right syntax to use near '' at line 1
in SYSTEMPATH\Database\MySQLi\Connection.php on line 292.
 1 SYSTEMPATH\Database\MySQLi\Connection.php(292): mysqli->query('SELECT a.`judul`,a.`id`,a.`nama_file`,a.`pesan`,c.`fullname`,b.`nama`,b.`tahun`,a.`create_at` FROM detail_data_project a LEFT JOIN data_project b ON a.`id_project`=b.`id` LEFT JOIN users c ON a.`id_pembuat`=c.`id` WHERE a.`id_project`=', 0)
 2 SYSTEMPATH\Database\BaseConnection.php(695): CodeIgniter\Database\MySQLi\Connection->execute('SELECT a.`judul`,a.`id`,a.`nama_file`,a.`pesan`,c.`fullname`,b.`nama`,b.`tahun`,a.`create_at` FROM detail_data_project a LEFT JOIN data_project b ON a.`id_project`=b.`id` LEFT JOIN users c ON a.`id_pembuat`=c.`id` WHERE a.`id_project`=')
 3 SYSTEMPATH\Database\BaseConnection.php(609): CodeIgniter\Database\BaseConnection->simpleQuery('SELECT a.`judul`,a.`id`,a.`nama_file`,a.`pesan`,c.`fullname`,b.`nama`,b.`tahun`,a.`create_at` FROM detail_data_project a LEFT JOIN data_project b ON a.`id_project`=b.`id` LEFT JOIN users c ON a.`id_pembuat`=c.`id` WHERE a.`id_project`=')
 4 APPPATH\Controllers\Manajemen_Detail_Data_Project.php(21): CodeIgniter\Database\BaseConnection->query('SELECT a.`judul`,a.`id`,a.`nama_file`,a.`pesan`,c.`fullname`,b.`nama`,b.`tahun`,a.`create_at` FROM detail_data_project a LEFT JOIN data_project b ON a.`id_project`=b.`id` LEFT JOIN users c ON a.`id_pembuat`=c.`id` WHERE a.`id_project`=')
 5 SYSTEMPATH\CodeIgniter.php(896): App\Controllers\Manajemen_Detail_Data_Project->index()
 6 SYSTEMPATH\CodeIgniter.php(466): CodeIgniter\CodeIgniter->runController(Object(App\Controllers\Manajemen_Detail_Data_Project))
 7 SYSTEMPATH\CodeIgniter.php(349): CodeIgniter\CodeIgniter->handleRequest(null, Object(Config\Cache), false)
 8 FCPATH\index.php(55): CodeIgniter\CodeIgniter->run()
 9 SYSTEMPATH\Commands\Server\rewrite.php(43): require_once('FCPATH\\index.php')
ERROR - 2022-07-05 04:02:00 --> You have an error in your SQL syntax; check the manual that corresponds to your MariaDB server version for the right syntax to use near '' at line 1
CRITICAL - 2022-07-05 04:02:00 --> You have an error in your SQL syntax; check the manual that corresponds to your MariaDB server version for the right syntax to use near '' at line 1
in SYSTEMPATH\Database\MySQLi\Connection.php on line 292.
 1 SYSTEMPATH\Database\MySQLi\Connection.php(292): mysqli->query('SELECT a.`judul`,a.`id`,a.`nama_file`,a.`pesan`,c.`fullname`,b.`nama`,b.`tahun`,a.`create_at` FROM detail_data_project a LEFT JOIN data_project b ON a.`id_project`=b.`id` LEFT JOIN users c ON a.`id_pembuat`=c.`id` WHERE a.`id_project`=', 0)
 2 SYSTEMPATH\Database\BaseConnection.php(695): CodeIgniter\Database\MySQLi\Connection->execute('SELECT a.`judul`,a.`id`,a.`nama_file`,a.`pesan`,c.`fullname`,b.`nama`,b.`tahun`,a.`create_at` FROM detail_data_project a LEFT JOIN data_project b ON a.`id_project`=b.`id` LEFT JOIN users c ON a.`id_pembuat`=c.`id` WHERE a.`id_project`=')
 3 SYSTEMPATH\Database\BaseConnection.php(609): CodeIgniter\Database\BaseConnection->simpleQuery('SELECT a.`judul`,a.`id`,a.`nama_file`,a.`pesan`,c.`fullname`,b.`nama`,b.`tahun`,a.`create_at` FROM detail_data_project a LEFT JOIN data_project b ON a.`id_project`=b.`id` LEFT JOIN users c ON a.`id_pembuat`=c.`id` WHERE a.`id_project`=')
 4 APPPATH\Controllers\Manajemen_Detail_Data_Project.php(18): CodeIgniter\Database\BaseConnection->query('SELECT a.`judul`,a.`id`,a.`nama_file`,a.`pesan`,c.`fullname`,b.`nama`,b.`tahun`,a.`create_at` FROM detail_data_project a LEFT JOIN data_project b ON a.`id_project`=b.`id` LEFT JOIN users c ON a.`id_pembuat`=c.`id` WHERE a.`id_project`=')
 5 SYSTEMPATH\CodeIgniter.php(896): App\Controllers\Manajemen_Detail_Data_Project->index()
 6 SYSTEMPATH\CodeIgniter.php(466): CodeIgniter\CodeIgniter->runController(Object(App\Controllers\Manajemen_Detail_Data_Project))
 7 SYSTEMPATH\CodeIgniter.php(349): CodeIgniter\CodeIgniter->handleRequest(null, Object(Config\Cache), false)
 8 FCPATH\index.php(55): CodeIgniter\CodeIgniter->run()
 9 SYSTEMPATH\Commands\Server\rewrite.php(43): require_once('FCPATH\\index.php')
ERROR - 2022-07-05 04:04:54 --> You have an error in your SQL syntax; check the manual that corresponds to your MariaDB server version for the right syntax to use near '' at line 1
CRITICAL - 2022-07-05 04:04:54 --> You have an error in your SQL syntax; check the manual that corresponds to your MariaDB server version for the right syntax to use near '' at line 1
in SYSTEMPATH\Database\MySQLi\Connection.php on line 292.
 1 SYSTEMPATH\Database\MySQLi\Connection.php(292): mysqli->query('SELECT a.`judul`,a.`id`,a.`nama_file`,a.`pesan`,c.`fullname`,b.`nama`,b.`tahun`,a.`create_at` FROM detail_data_project a LEFT JOIN data_project b ON a.`id_project`=b.`id` LEFT JOIN users c ON a.`id_pembuat`=c.`id` WHERE a.`id_project`=', 0)
 2 SYSTEMPATH\Database\BaseConnection.php(695): CodeIgniter\Database\MySQLi\Connection->execute('SELECT a.`judul`,a.`id`,a.`nama_file`,a.`pesan`,c.`fullname`,b.`nama`,b.`tahun`,a.`create_at` FROM detail_data_project a LEFT JOIN data_project b ON a.`id_project`=b.`id` LEFT JOIN users c ON a.`id_pembuat`=c.`id` WHERE a.`id_project`=')
 3 SYSTEMPATH\Database\BaseConnection.php(609): CodeIgniter\Database\BaseConnection->simpleQuery('SELECT a.`judul`,a.`id`,a.`nama_file`,a.`pesan`,c.`fullname`,b.`nama`,b.`tahun`,a.`create_at` FROM detail_data_project a LEFT JOIN data_project b ON a.`id_project`=b.`id` LEFT JOIN users c ON a.`id_pembuat`=c.`id` WHERE a.`id_project`=')
 4 APPPATH\Controllers\Manajemen_Detail_Data_Project.php(19): CodeIgniter\Database\BaseConnection->query('SELECT a.`judul`,a.`id`,a.`nama_file`,a.`pesan`,c.`fullname`,b.`nama`,b.`tahun`,a.`create_at` FROM detail_data_project a LEFT JOIN data_project b ON a.`id_project`=b.`id` LEFT JOIN users c ON a.`id_pembuat`=c.`id` WHERE a.`id_project`=')
 5 SYSTEMPATH\CodeIgniter.php(896): App\Controllers\Manajemen_Detail_Data_Project->index()
 6 SYSTEMPATH\CodeIgniter.php(466): CodeIgniter\CodeIgniter->runController(Object(App\Controllers\Manajemen_Detail_Data_Project))
 7 SYSTEMPATH\CodeIgniter.php(349): CodeIgniter\CodeIgniter->handleRequest(null, Object(Config\Cache), false)
 8 FCPATH\index.php(55): CodeIgniter\CodeIgniter->run()
 9 SYSTEMPATH\Commands\Server\rewrite.php(43): require_once('FCPATH\\index.php')
CRITICAL - 2022-07-05 04:12:16 --> Undefined variable: data
in APPPATH\Controllers\Manajemen_Detail_Data_Project.php on line 32.
 1 APPPATH\Controllers\Manajemen_Detail_Data_Project.php(32): CodeIgniter\Debug\Exceptions->errorHandler(8, 'Undefined variable: data', 'APPPATH\\Controllers\\Manajemen_Detail_Data_Project.php', 32, [...])
 2 SYSTEMPATH\CodeIgniter.php(896): App\Controllers\Manajemen_Detail_Data_Project->index()
 3 SYSTEMPATH\CodeIgniter.php(466): CodeIgniter\CodeIgniter->runController(Object(App\Controllers\Manajemen_Detail_Data_Project))
 4 SYSTEMPATH\CodeIgniter.php(349): CodeIgniter\CodeIgniter->handleRequest(null, Object(Config\Cache), false)
 5 FCPATH\index.php(55): CodeIgniter\CodeIgniter->run()
 6 SYSTEMPATH\Commands\Server\rewrite.php(43): require_once('FCPATH\\index.php')
CRITICAL - 2022-07-05 04:13:13 --> Undefined variable: data
in APPPATH\Controllers\Manajemen_Detail_Data_Project.php on line 32.
 1 APPPATH\Controllers\Manajemen_Detail_Data_Project.php(32): CodeIgniter\Debug\Exceptions->errorHandler(8, 'Undefined variable: data', 'APPPATH\\Controllers\\Manajemen_Detail_Data_Project.php', 32, [...])
 2 SYSTEMPATH\CodeIgniter.php(896): App\Controllers\Manajemen_Detail_Data_Project->index()
 3 SYSTEMPATH\CodeIgniter.php(466): CodeIgniter\CodeIgniter->runController(Object(App\Controllers\Manajemen_Detail_Data_Project))
 4 SYSTEMPATH\CodeIgniter.php(349): CodeIgniter\CodeIgniter->handleRequest(null, Object(Config\Cache), false)
 5 FCPATH\index.php(55): CodeIgniter\CodeIgniter->run()
 6 SYSTEMPATH\Commands\Server\rewrite.php(43): require_once('FCPATH\\index.php')
