ERROR - 2022-11-29 08:06:49 --> Error connecting to the database: Unknown database 'drive'
CRITICAL - 2022-11-29 08:06:49 --> Unable to connect to the database.
Main connection [MySQLi]: Unknown database 'drive'
in SYSTEMPATH\Database\BaseConnection.php on line 416.
 1 SYSTEMPATH\Database\BaseConnection.php(586): CodeIgniter\Database\BaseConnection->initialize()
 2 SYSTEMPATH\Database\BaseBuilder.php(1585): CodeIgniter\Database\BaseConnection->query('SELECT *
FROM `users`
WHERE `username` = :username:
AND `users`.`deleted_at` IS NULL
 LIMIT 1', [...], false)
 3 SYSTEMPATH\Model.php(249): CodeIgniter\Database\BaseBuilder->get()
 4 SYSTEMPATH\BaseModel.php(622): CodeIgniter\Model->doFirst()
 5 VENDORPATH\myth\auth\src\Authentication\LocalAuthenticator.php(156): CodeIgniter\BaseModel->first()
 6 VENDORPATH\myth\auth\src\Authentication\LocalAuthenticator.php(20): Myth\Auth\Authentication\LocalAuthenticator->validate([...], true)
 7 VENDORPATH\myth\auth\src\Controllers\AuthController.php(87): Myth\Auth\Authentication\LocalAuthenticator->attempt([...], false)
 8 SYSTEMPATH\CodeIgniter.php(896): Myth\Auth\Controllers\AuthController->attemptLogin()
 9 SYSTEMPATH\CodeIgniter.php(466): CodeIgniter\CodeIgniter->runController(Object(Myth\Auth\Controllers\AuthController))
10 SYSTEMPATH\CodeIgniter.php(349): CodeIgniter\CodeIgniter->handleRequest(null, Object(Config\Cache), false)
11 FCPATH\index.php(55): CodeIgniter\CodeIgniter->run()
12 SYSTEMPATH\Commands\Server\rewrite.php(43): require_once('FCPATH\\index.php')
ERROR - 2022-11-29 08:09:16 --> Error connecting to the database: A connection attempt failed because the connected party did not properly respond after a period of time, or established connection failed because connected host has failed to respond
CRITICAL - 2022-11-29 08:09:16 --> Unable to connect to the database.
Main connection [MySQLi]: A connection attempt failed because the connected party did not properly respond after a period of time, or established connection failed because connected host has failed to respond
in SYSTEMPATH\Database\BaseConnection.php on line 416.
 1 SYSTEMPATH\Database\BaseConnection.php(586): CodeIgniter\Database\BaseConnection->initialize()
 2 SYSTEMPATH\Database\BaseBuilder.php(1585): CodeIgniter\Database\BaseConnection->query('SELECT *
FROM `users`
WHERE `username` = :username:
AND `users`.`deleted_at` IS NULL
 LIMIT 1', [...], false)
 3 SYSTEMPATH\Model.php(249): CodeIgniter\Database\BaseBuilder->get()
 4 SYSTEMPATH\BaseModel.php(622): CodeIgniter\Model->doFirst()
 5 VENDORPATH\myth\auth\src\Authentication\LocalAuthenticator.php(156): CodeIgniter\BaseModel->first()
 6 VENDORPATH\myth\auth\src\Authentication\LocalAuthenticator.php(20): Myth\Auth\Authentication\LocalAuthenticator->validate([...], true)
 7 VENDORPATH\myth\auth\src\Controllers\AuthController.php(87): Myth\Auth\Authentication\LocalAuthenticator->attempt([...], false)
 8 SYSTEMPATH\CodeIgniter.php(896): Myth\Auth\Controllers\AuthController->attemptLogin()
 9 SYSTEMPATH\CodeIgniter.php(466): CodeIgniter\CodeIgniter->runController(Object(Myth\Auth\Controllers\AuthController))
10 SYSTEMPATH\CodeIgniter.php(349): CodeIgniter\CodeIgniter->handleRequest(null, Object(Config\Cache), false)
11 FCPATH\index.php(55): CodeIgniter\CodeIgniter->run()
12 SYSTEMPATH\Commands\Server\rewrite.php(43): require_once('FCPATH\\index.php')
CRITICAL - 2022-11-29 08:10:12 --> ZipArchive::addFile(): No such file or directory
in APPPATH\Controllers\Manajemen_Detail_Data_Project.php on line 113.
 1 [internal function]: CodeIgniter\Debug\Exceptions->errorHandler(2, 'ZipArchive::addFile(): No such file or directory', 'APPPATH\\Controllers\\Manajemen_Detail_Data_Project.php', 113)
 2 APPPATH\Controllers\Manajemen_Detail_Data_Project.php(113): ZipArchive->addFile('FCPATH\\file/23 - 29 - 2022-09-02 08.22.01pm - JPF_2019.jpg', '23 - 29 - 2022-09-02 08.22.01pm - JPF_2019.jpg')
 3 APPPATH\Controllers\Manajemen_Detail_Data_Project.php(140): App\Controllers\zipFilesAndDownload([...], 'DATA SUMATERA (2022).zip', 'FCPATH\\file')
 4 SYSTEMPATH\CodeIgniter.php(896): App\Controllers\Manajemen_Detail_Data_Project->downloads()
 5 SYSTEMPATH\CodeIgniter.php(466): CodeIgniter\CodeIgniter->runController(Object(App\Controllers\Manajemen_Detail_Data_Project))
 6 SYSTEMPATH\CodeIgniter.php(349): CodeIgniter\CodeIgniter->handleRequest(null, Object(Config\Cache), false)
 7 FCPATH\index.php(55): CodeIgniter\CodeIgniter->run()
 8 SYSTEMPATH\Commands\Server\rewrite.php(43): require_once('FCPATH\\index.php')
CRITICAL - 2022-11-29 08:10:33 --> ZipArchive::addFile(): No such file or directory
in APPPATH\Controllers\Manajemen_Detail_Data_Project.php on line 113.
 1 [internal function]: CodeIgniter\Debug\Exceptions->errorHandler(2, 'ZipArchive::addFile(): No such file or directory', 'APPPATH\\Controllers\\Manajemen_Detail_Data_Project.php', 113)
 2 APPPATH\Controllers\Manajemen_Detail_Data_Project.php(113): ZipArchive->addFile('FCPATH\\file/24 - 28 - 2022-09-24 12.16.52am - part 1.zip', '24 - 28 - 2022-09-24 12.16.52am - part 1.zip')
 3 APPPATH\Controllers\Manajemen_Detail_Data_Project.php(140): App\Controllers\zipFilesAndDownload([...], 'Pelatiha PT.Indonesia Power (2022).zip', 'FCPATH\\file')
 4 SYSTEMPATH\CodeIgniter.php(896): App\Controllers\Manajemen_Detail_Data_Project->downloads()
 5 SYSTEMPATH\CodeIgniter.php(466): CodeIgniter\CodeIgniter->runController(Object(App\Controllers\Manajemen_Detail_Data_Project))
 6 SYSTEMPATH\CodeIgniter.php(349): CodeIgniter\CodeIgniter->handleRequest(null, Object(Config\Cache), false)
 7 FCPATH\index.php(55): CodeIgniter\CodeIgniter->run()
 8 SYSTEMPATH\Commands\Server\rewrite.php(43): require_once('FCPATH\\index.php')
CRITICAL - 2022-11-29 08:10:53 --> ZipArchive::addFile(): No such file or directory
in APPPATH\Controllers\Manajemen_Detail_Data_Project.php on line 113.
 1 [internal function]: CodeIgniter\Debug\Exceptions->errorHandler(2, 'ZipArchive::addFile(): No such file or directory', 'APPPATH\\Controllers\\Manajemen_Detail_Data_Project.php', 113)
 2 APPPATH\Controllers\Manajemen_Detail_Data_Project.php(113): ZipArchive->addFile('FCPATH\\file/25 - 33 - 2022-09-09 10.57.22pm - 20220910 Notulensi Rapat Sosmed.doc', '25 - 33 - 2022-09-09 10.57.22pm - 20220910 Notulensi Rapat Sosmed.doc')
 3 APPPATH\Controllers\Manajemen_Detail_Data_Project.php(140): App\Controllers\zipFilesAndDownload([...], 'Sosmed Chaakra (2022).zip', 'FCPATH\\file')
 4 SYSTEMPATH\CodeIgniter.php(896): App\Controllers\Manajemen_Detail_Data_Project->downloads()
 5 SYSTEMPATH\CodeIgniter.php(466): CodeIgniter\CodeIgniter->runController(Object(App\Controllers\Manajemen_Detail_Data_Project))
 6 SYSTEMPATH\CodeIgniter.php(349): CodeIgniter\CodeIgniter->handleRequest(null, Object(Config\Cache), false)
 7 FCPATH\index.php(55): CodeIgniter\CodeIgniter->run()
 8 SYSTEMPATH\Commands\Server\rewrite.php(43): require_once('FCPATH\\index.php')
