CRITICAL - 2022-07-04 10:05:49 --> Call to undefined function set_value()
in APPPATH\Views\manajemen_data_project.php on line 61.
 1 SYSTEMPATH\View\View.php(213): include()
 2 SYSTEMPATH\View\View.php(216): CodeIgniter\View\View->CodeIgniter\View\{closure}()
 3 SYSTEMPATH\Common.php(1135): CodeIgniter\View\View->render('manajemen_data_project', [], true)
 4 APPPATH\Controllers\Manajemen_Data_Project.php(19): view('manajemen_data_project', [...])
 5 SYSTEMPATH\CodeIgniter.php(896): App\Controllers\Manajemen_Data_Project->index()
 6 SYSTEMPATH\CodeIgniter.php(466): CodeIgniter\CodeIgniter->runController(Object(App\Controllers\Manajemen_Data_Project))
 7 SYSTEMPATH\CodeIgniter.php(349): CodeIgniter\CodeIgniter->handleRequest(null, Object(Config\Cache), false)
 8 FCPATH\index.php(55): CodeIgniter\CodeIgniter->run()
 9 SYSTEMPATH\Commands\Server\rewrite.php(43): require_once('FCPATH\\index.php')
CRITICAL - 2022-07-04 10:34:53 --> Call to undefined function set_value()
in APPPATH\Views\manajemen_data_project.php on line 66.
 1 SYSTEMPATH\View\View.php(213): include()
 2 SYSTEMPATH\View\View.php(216): CodeIgniter\View\View->CodeIgniter\View\{closure}()
 3 SYSTEMPATH\Common.php(1135): CodeIgniter\View\View->render('manajemen_data_project', [], true)
 4 APPPATH\Controllers\Manajemen_Data_Project.php(19): view('manajemen_data_project', [...])
 5 SYSTEMPATH\CodeIgniter.php(896): App\Controllers\Manajemen_Data_Project->index()
 6 SYSTEMPATH\CodeIgniter.php(466): CodeIgniter\CodeIgniter->runController(Object(App\Controllers\Manajemen_Data_Project))
 7 SYSTEMPATH\CodeIgniter.php(349): CodeIgniter\CodeIgniter->handleRequest(null, Object(Config\Cache), false)
 8 FCPATH\index.php(55): CodeIgniter\CodeIgniter->run()
 9 SYSTEMPATH\Commands\Server\rewrite.php(43): require_once('FCPATH\\index.php')
ERROR - 2022-07-04 10:55:29 --> You have an error in your SQL syntax; check the manual that corresponds to your MariaDB server version for the right syntax to use near '<p>Ekraf 2022</p>',now(),12)' at line 1
CRITICAL - 2022-07-04 10:55:29 --> You have an error in your SQL syntax; check the manual that corresponds to your MariaDB server version for the right syntax to use near '<p>Ekraf 2022</p>',now(),12)' at line 1
in SYSTEMPATH\Database\MySQLi\Connection.php on line 292.
 1 SYSTEMPATH\Database\MySQLi\Connection.php(292): mysqli->query('INSERT INTO data_project (tahun,nama,create_at,id_pembuat) VALUES (\'2022\',<p>Ekraf 2022</p>\',now(),12)', 0)
 2 SYSTEMPATH\Database\BaseConnection.php(695): CodeIgniter\Database\MySQLi\Connection->execute('INSERT INTO data_project (tahun,nama,create_at,id_pembuat) VALUES (\'2022\',<p>Ekraf 2022</p>\',now(),12)')
 3 SYSTEMPATH\Database\BaseConnection.php(609): CodeIgniter\Database\BaseConnection->simpleQuery('INSERT INTO data_project (tahun,nama,create_at,id_pembuat) VALUES (\'2022\',<p>Ekraf 2022</p>\',now(),12)')
 4 APPPATH\Controllers\Manajemen_Data_Project.php(27): CodeIgniter\Database\BaseConnection->query('INSERT INTO data_project (tahun,nama,create_at,id_pembuat) VALUES (\'2022\',<p>Ekraf 2022</p>\',now(),12)')
 5 SYSTEMPATH\CodeIgniter.php(896): App\Controllers\Manajemen_Data_Project->tambah()
 6 SYSTEMPATH\CodeIgniter.php(466): CodeIgniter\CodeIgniter->runController(Object(App\Controllers\Manajemen_Data_Project))
 7 SYSTEMPATH\CodeIgniter.php(349): CodeIgniter\CodeIgniter->handleRequest(null, Object(Config\Cache), false)
 8 FCPATH\index.php(55): CodeIgniter\CodeIgniter->run()
 9 SYSTEMPATH\Commands\Server\rewrite.php(43): require_once('FCPATH\\index.php')
CRITICAL - 2022-07-04 10:58:37 --> Undefined property: stdClass::$creat_at
in APPPATH\Views\manajemen_data_project.php on line 129.
 1 APPPATH\Views\manajemen_data_project.php(129): CodeIgniter\Debug\Exceptions->errorHandler(8, 'Undefined property: stdClass::$creat_at', 'APPPATH\\Views\\manajemen_data_project.php', 129, [...])
 2 SYSTEMPATH\View\View.php(213): include('APPPATH\\Views\\manajemen_data_project.php')
 3 SYSTEMPATH\View\View.php(216): CodeIgniter\View\View->CodeIgniter\View\{closure}()
 4 SYSTEMPATH\Common.php(1135): CodeIgniter\View\View->render('manajemen_data_project', [], true)
 5 APPPATH\Controllers\Manajemen_Data_Project.php(19): view('manajemen_data_project', [...])
 6 SYSTEMPATH\CodeIgniter.php(896): App\Controllers\Manajemen_Data_Project->index()
 7 SYSTEMPATH\CodeIgniter.php(466): CodeIgniter\CodeIgniter->runController(Object(App\Controllers\Manajemen_Data_Project))
 8 SYSTEMPATH\CodeIgniter.php(349): CodeIgniter\CodeIgniter->handleRequest(null, Object(Config\Cache), false)
 9 FCPATH\index.php(55): CodeIgniter\CodeIgniter->run()
10 SYSTEMPATH\Commands\Server\rewrite.php(43): require_once('FCPATH\\index.php')
ERROR - 2022-07-04 11:09:51 --> Table 'drive.data_peoject' doesn't exist
CRITICAL - 2022-07-04 11:09:51 --> Table 'drive.data_peoject' doesn't exist
in SYSTEMPATH\Database\MySQLi\Connection.php on line 292.
 1 SYSTEMPATH\Database\MySQLi\Connection.php(292): mysqli->query('UPDATE data_peoject SET tahun=\'202222\',nama=\'\' where id=12', 0)
 2 SYSTEMPATH\Database\BaseConnection.php(695): CodeIgniter\Database\MySQLi\Connection->execute('UPDATE data_peoject SET tahun=\'202222\',nama=\'\' where id=12')
 3 SYSTEMPATH\Database\BaseConnection.php(609): CodeIgniter\Database\BaseConnection->simpleQuery('UPDATE data_peoject SET tahun=\'202222\',nama=\'\' where id=12')
 4 APPPATH\Controllers\Manajemen_Data_Project.php(36): CodeIgniter\Database\BaseConnection->query('UPDATE data_peoject SET tahun=\'202222\',nama=\'\' where id=12')
 5 SYSTEMPATH\CodeIgniter.php(896): App\Controllers\Manajemen_Data_Project->ubah()
 6 SYSTEMPATH\CodeIgniter.php(466): CodeIgniter\CodeIgniter->runController(Object(App\Controllers\Manajemen_Data_Project))
 7 SYSTEMPATH\CodeIgniter.php(349): CodeIgniter\CodeIgniter->handleRequest(null, Object(Config\Cache), false)
 8 FCPATH\index.php(55): CodeIgniter\CodeIgniter->run()
 9 SYSTEMPATH\Commands\Server\rewrite.php(43): require_once('FCPATH\\index.php')
CRITICAL - 2022-07-04 11:19:48 --> Call to undefined function set_value()
in APPPATH\Views\manajemen_data_project.php on line 85.
 1 SYSTEMPATH\View\View.php(213): include()
 2 SYSTEMPATH\View\View.php(216): CodeIgniter\View\View->CodeIgniter\View\{closure}()
 3 SYSTEMPATH\Common.php(1135): CodeIgniter\View\View->render('manajemen_data_project', [], true)
 4 APPPATH\Controllers\Manajemen_Data_Project.php(19): view('manajemen_data_project', [...])
 5 SYSTEMPATH\CodeIgniter.php(896): App\Controllers\Manajemen_Data_Project->index()
 6 SYSTEMPATH\CodeIgniter.php(466): CodeIgniter\CodeIgniter->runController(Object(App\Controllers\Manajemen_Data_Project))
 7 SYSTEMPATH\CodeIgniter.php(349): CodeIgniter\CodeIgniter->handleRequest(null, Object(Config\Cache), false)
 8 FCPATH\index.php(55): CodeIgniter\CodeIgniter->run()
 9 SYSTEMPATH\Commands\Server\rewrite.php(43): require_once('FCPATH\\index.php')
