CRITICAL - 2022-07-22 01:12:22 --> Undefined variable $data_project
in APPPATH\Views\manajemen_users.php on line 40.
 1 APPPATH\Views\manajemen_users.php(40): CodeIgniter\Debug\Exceptions->errorHandler(2, 'Undefined variable $data_project', 'APPPATH\\Views\\manajemen_users.php', 40)
 2 SYSTEMPATH\View\View.php(213): include('APPPATH\\Views\\manajemen_users.php')
 3 SYSTEMPATH\View\View.php(216): CodeIgniter\View\View->CodeIgniter\View\{closure}()
 4 SYSTEMPATH\Common.php(1135): CodeIgniter\View\View->render('manajemen_users', [], true)
 5 APPPATH\Controllers\Manajemen_Users.php(19): view('manajemen_users', [...])
 6 SYSTEMPATH\CodeIgniter.php(896): App\Controllers\Manajemen_Users->index()
 7 SYSTEMPATH\CodeIgniter.php(466): CodeIgniter\CodeIgniter->runController(Object(App\Controllers\Manajemen_Users))
 8 SYSTEMPATH\CodeIgniter.php(349): CodeIgniter\CodeIgniter->handleRequest(null, Object(Config\Cache), false)
 9 FCPATH\index.php(55): CodeIgniter\CodeIgniter->run()
10 SYSTEMPATH\Commands\Server\rewrite.php(43): require_once('FCPATH\\index.php')
CRITICAL - 2022-07-22 01:18:06 -->  route cannot be found while reverse-routing.
in SYSTEMPATH\HTTP\RedirectResponse.php on line 56.
 1 SYSTEMPATH\HTTP\RedirectResponse.php(56): CodeIgniter\HTTP\Exceptions\HTTPException::forInvalidRedirectRoute('ROOTPATH\\public')
 2 SYSTEMPATH\Common.php(863): CodeIgniter\HTTP\RedirectResponse->route(false)
 3 VENDORPATH\myth\auth\src\Controllers\AuthController.php(197): redirect('/manajemenusers')
 4 SYSTEMPATH\CodeIgniter.php(896): Myth\Auth\Controllers\AuthController->attemptRegister()
 5 SYSTEMPATH\CodeIgniter.php(466): CodeIgniter\CodeIgniter->runController(Object(Myth\Auth\Controllers\AuthController))
 6 SYSTEMPATH\CodeIgniter.php(349): CodeIgniter\CodeIgniter->handleRequest(null, Object(Config\Cache), false)
 7 FCPATH\index.php(55): CodeIgniter\CodeIgniter->run()
 8 SYSTEMPATH\Commands\Server\rewrite.php(43): require_once('FCPATH\\index.php')
CRITICAL - 2022-07-22 01:19:52 -->  route cannot be found while reverse-routing.
in SYSTEMPATH\HTTP\RedirectResponse.php on line 56.
 1 SYSTEMPATH\HTTP\RedirectResponse.php(56): CodeIgniter\HTTP\Exceptions\HTTPException::forInvalidRedirectRoute('ROOTPATH\\public')
 2 SYSTEMPATH\Common.php(863): CodeIgniter\HTTP\RedirectResponse->route(false)
 3 VENDORPATH\myth\auth\src\Controllers\AuthController.php(197): redirect('http://localhost:8080/manajemenusers')
 4 SYSTEMPATH\CodeIgniter.php(896): Myth\Auth\Controllers\AuthController->attemptRegister()
 5 SYSTEMPATH\CodeIgniter.php(466): CodeIgniter\CodeIgniter->runController(Object(Myth\Auth\Controllers\AuthController))
 6 SYSTEMPATH\CodeIgniter.php(349): CodeIgniter\CodeIgniter->handleRequest(null, Object(Config\Cache), false)
 7 FCPATH\index.php(55): CodeIgniter\CodeIgniter->run()
 8 SYSTEMPATH\Commands\Server\rewrite.php(43): require_once('FCPATH\\index.php')
CRITICAL - 2022-07-22 01:20:59 -->  route cannot be found while reverse-routing.
in SYSTEMPATH\HTTP\RedirectResponse.php on line 56.
 1 SYSTEMPATH\HTTP\RedirectResponse.php(56): CodeIgniter\HTTP\Exceptions\HTTPException::forInvalidRedirectRoute('ROOTPATH\\public')
 2 SYSTEMPATH\Common.php(863): CodeIgniter\HTTP\RedirectResponse->route(false)
 3 VENDORPATH\myth\auth\src\Controllers\AuthController.php(197): redirect('http://localhost:8080/')
 4 SYSTEMPATH\CodeIgniter.php(896): Myth\Auth\Controllers\AuthController->attemptRegister()
 5 SYSTEMPATH\CodeIgniter.php(466): CodeIgniter\CodeIgniter->runController(Object(Myth\Auth\Controllers\AuthController))
 6 SYSTEMPATH\CodeIgniter.php(349): CodeIgniter\CodeIgniter->handleRequest(null, Object(Config\Cache), false)
 7 FCPATH\index.php(55): CodeIgniter\CodeIgniter->run()
 8 SYSTEMPATH\Commands\Server\rewrite.php(43): require_once('FCPATH\\index.php')
CRITICAL - 2022-07-22 01:22:08 --> Undefined variable $data_project
in APPPATH\Views\manajemen_users.php on line 40.
 1 APPPATH\Views\manajemen_users.php(40): CodeIgniter\Debug\Exceptions->errorHandler(2, 'Undefined variable $data_project', 'APPPATH\\Views\\manajemen_users.php', 40)
 2 SYSTEMPATH\View\View.php(213): include('APPPATH\\Views\\manajemen_users.php')
 3 SYSTEMPATH\View\View.php(216): CodeIgniter\View\View->CodeIgniter\View\{closure}()
 4 SYSTEMPATH\Common.php(1135): CodeIgniter\View\View->render('manajemen_users', [], true)
 5 APPPATH\Controllers\Manajemen_Users.php(19): view('manajemen_users', [...])
 6 SYSTEMPATH\CodeIgniter.php(896): App\Controllers\Manajemen_Users->index()
 7 SYSTEMPATH\CodeIgniter.php(466): CodeIgniter\CodeIgniter->runController(Object(App\Controllers\Manajemen_Users))
 8 SYSTEMPATH\CodeIgniter.php(349): CodeIgniter\CodeIgniter->handleRequest(null, Object(Config\Cache), false)
 9 FCPATH\index.php(55): CodeIgniter\CodeIgniter->run()
10 SYSTEMPATH\Commands\Server\rewrite.php(43): require_once('FCPATH\\index.php')
CRITICAL - 2022-07-22 01:22:16 --> Undefined variable $data_project
in APPPATH\Views\manajemen_users.php on line 40.
 1 APPPATH\Views\manajemen_users.php(40): CodeIgniter\Debug\Exceptions->errorHandler(2, 'Undefined variable $data_project', 'APPPATH\\Views\\manajemen_users.php', 40)
 2 SYSTEMPATH\View\View.php(213): include('APPPATH\\Views\\manajemen_users.php')
 3 SYSTEMPATH\View\View.php(216): CodeIgniter\View\View->CodeIgniter\View\{closure}()
 4 SYSTEMPATH\Common.php(1135): CodeIgniter\View\View->render('manajemen_users', [], true)
 5 APPPATH\Controllers\Manajemen_Users.php(19): view('manajemen_users', [...])
 6 SYSTEMPATH\CodeIgniter.php(896): App\Controllers\Manajemen_Users->index()
 7 SYSTEMPATH\CodeIgniter.php(466): CodeIgniter\CodeIgniter->runController(Object(App\Controllers\Manajemen_Users))
 8 SYSTEMPATH\CodeIgniter.php(349): CodeIgniter\CodeIgniter->handleRequest(null, Object(Config\Cache), false)
 9 FCPATH\index.php(55): CodeIgniter\CodeIgniter->run()
10 SYSTEMPATH\Commands\Server\rewrite.php(43): require_once('FCPATH\\index.php')
CRITICAL - 2022-07-22 01:22:19 --> Undefined variable $data_project
in APPPATH\Views\manajemen_users.php on line 40.
 1 APPPATH\Views\manajemen_users.php(40): CodeIgniter\Debug\Exceptions->errorHandler(2, 'Undefined variable $data_project', 'APPPATH\\Views\\manajemen_users.php', 40)
 2 SYSTEMPATH\View\View.php(213): include('APPPATH\\Views\\manajemen_users.php')
 3 SYSTEMPATH\View\View.php(216): CodeIgniter\View\View->CodeIgniter\View\{closure}()
 4 SYSTEMPATH\Common.php(1135): CodeIgniter\View\View->render('manajemen_users', [], true)
 5 APPPATH\Controllers\Manajemen_Users.php(19): view('manajemen_users', [...])
 6 SYSTEMPATH\CodeIgniter.php(896): App\Controllers\Manajemen_Users->index()
 7 SYSTEMPATH\CodeIgniter.php(466): CodeIgniter\CodeIgniter->runController(Object(App\Controllers\Manajemen_Users))
 8 SYSTEMPATH\CodeIgniter.php(349): CodeIgniter\CodeIgniter->handleRequest(null, Object(Config\Cache), false)
 9 FCPATH\index.php(55): CodeIgniter\CodeIgniter->run()
10 SYSTEMPATH\Commands\Server\rewrite.php(43): require_once('FCPATH\\index.php')
CRITICAL - 2022-07-22 01:22:20 --> Undefined variable $data_project
in APPPATH\Views\manajemen_users.php on line 40.
 1 APPPATH\Views\manajemen_users.php(40): CodeIgniter\Debug\Exceptions->errorHandler(2, 'Undefined variable $data_project', 'APPPATH\\Views\\manajemen_users.php', 40)
 2 SYSTEMPATH\View\View.php(213): include('APPPATH\\Views\\manajemen_users.php')
 3 SYSTEMPATH\View\View.php(216): CodeIgniter\View\View->CodeIgniter\View\{closure}()
 4 SYSTEMPATH\Common.php(1135): CodeIgniter\View\View->render('manajemen_users', [], true)
 5 APPPATH\Controllers\Manajemen_Users.php(19): view('manajemen_users', [...])
 6 SYSTEMPATH\CodeIgniter.php(896): App\Controllers\Manajemen_Users->index()
 7 SYSTEMPATH\CodeIgniter.php(466): CodeIgniter\CodeIgniter->runController(Object(App\Controllers\Manajemen_Users))
 8 SYSTEMPATH\CodeIgniter.php(349): CodeIgniter\CodeIgniter->handleRequest(null, Object(Config\Cache), false)
 9 FCPATH\index.php(55): CodeIgniter\CodeIgniter->run()
10 SYSTEMPATH\Commands\Server\rewrite.php(43): require_once('FCPATH\\index.php')
CRITICAL - 2022-07-22 01:22:22 --> Undefined variable $data_project
in APPPATH\Views\manajemen_users.php on line 40.
 1 APPPATH\Views\manajemen_users.php(40): CodeIgniter\Debug\Exceptions->errorHandler(2, 'Undefined variable $data_project', 'APPPATH\\Views\\manajemen_users.php', 40)
 2 SYSTEMPATH\View\View.php(213): include('APPPATH\\Views\\manajemen_users.php')
 3 SYSTEMPATH\View\View.php(216): CodeIgniter\View\View->CodeIgniter\View\{closure}()
 4 SYSTEMPATH\Common.php(1135): CodeIgniter\View\View->render('manajemen_users', [], true)
 5 APPPATH\Controllers\Manajemen_Users.php(19): view('manajemen_users', [...])
 6 SYSTEMPATH\CodeIgniter.php(896): App\Controllers\Manajemen_Users->index()
 7 SYSTEMPATH\CodeIgniter.php(466): CodeIgniter\CodeIgniter->runController(Object(App\Controllers\Manajemen_Users))
 8 SYSTEMPATH\CodeIgniter.php(349): CodeIgniter\CodeIgniter->handleRequest(null, Object(Config\Cache), false)
 9 FCPATH\index.php(55): CodeIgniter\CodeIgniter->run()
10 SYSTEMPATH\Commands\Server\rewrite.php(43): require_once('FCPATH\\index.php')
CRITICAL - 2022-07-22 01:22:23 --> Undefined variable $data_project
in APPPATH\Views\manajemen_users.php on line 40.
 1 APPPATH\Views\manajemen_users.php(40): CodeIgniter\Debug\Exceptions->errorHandler(2, 'Undefined variable $data_project', 'APPPATH\\Views\\manajemen_users.php', 40)
 2 SYSTEMPATH\View\View.php(213): include('APPPATH\\Views\\manajemen_users.php')
 3 SYSTEMPATH\View\View.php(216): CodeIgniter\View\View->CodeIgniter\View\{closure}()
 4 SYSTEMPATH\Common.php(1135): CodeIgniter\View\View->render('manajemen_users', [], true)
 5 APPPATH\Controllers\Manajemen_Users.php(19): view('manajemen_users', [...])
 6 SYSTEMPATH\CodeIgniter.php(896): App\Controllers\Manajemen_Users->index()
 7 SYSTEMPATH\CodeIgniter.php(466): CodeIgniter\CodeIgniter->runController(Object(App\Controllers\Manajemen_Users))
 8 SYSTEMPATH\CodeIgniter.php(349): CodeIgniter\CodeIgniter->handleRequest(null, Object(Config\Cache), false)
 9 FCPATH\index.php(55): CodeIgniter\CodeIgniter->run()
10 SYSTEMPATH\Commands\Server\rewrite.php(43): require_once('FCPATH\\index.php')
CRITICAL - 2022-07-22 01:22:26 --> Undefined variable $data_project
in APPPATH\Views\manajemen_users.php on line 40.
 1 APPPATH\Views\manajemen_users.php(40): CodeIgniter\Debug\Exceptions->errorHandler(2, 'Undefined variable $data_project', 'APPPATH\\Views\\manajemen_users.php', 40)
 2 SYSTEMPATH\View\View.php(213): include('APPPATH\\Views\\manajemen_users.php')
 3 SYSTEMPATH\View\View.php(216): CodeIgniter\View\View->CodeIgniter\View\{closure}()
 4 SYSTEMPATH\Common.php(1135): CodeIgniter\View\View->render('manajemen_users', [], true)
 5 APPPATH\Controllers\Manajemen_Users.php(19): view('manajemen_users', [...])
 6 SYSTEMPATH\CodeIgniter.php(896): App\Controllers\Manajemen_Users->index()
 7 SYSTEMPATH\CodeIgniter.php(466): CodeIgniter\CodeIgniter->runController(Object(App\Controllers\Manajemen_Users))
 8 SYSTEMPATH\CodeIgniter.php(349): CodeIgniter\CodeIgniter->handleRequest(null, Object(Config\Cache), false)
 9 FCPATH\index.php(55): CodeIgniter\CodeIgniter->run()
10 SYSTEMPATH\Commands\Server\rewrite.php(43): require_once('FCPATH\\index.php')
CRITICAL - 2022-07-22 01:24:20 -->  route cannot be found while reverse-routing.
in SYSTEMPATH\HTTP\RedirectResponse.php on line 56.
 1 SYSTEMPATH\HTTP\RedirectResponse.php(56): CodeIgniter\HTTP\Exceptions\HTTPException::forInvalidRedirectRoute('ROOTPATH\\public')
 2 SYSTEMPATH\Common.php(863): CodeIgniter\HTTP\RedirectResponse->route(false)
 3 VENDORPATH\myth\auth\src\Controllers\AuthController.php(197): redirect('http://localhost:8080/')
 4 SYSTEMPATH\CodeIgniter.php(896): Myth\Auth\Controllers\AuthController->attemptRegister()
 5 SYSTEMPATH\CodeIgniter.php(466): CodeIgniter\CodeIgniter->runController(Object(Myth\Auth\Controllers\AuthController))
 6 SYSTEMPATH\CodeIgniter.php(349): CodeIgniter\CodeIgniter->handleRequest(null, Object(Config\Cache), false)
 7 FCPATH\index.php(55): CodeIgniter\CodeIgniter->run()
 8 SYSTEMPATH\Commands\Server\rewrite.php(43): require_once('FCPATH\\index.php')
CRITICAL - 2022-07-22 01:29:26 -->  route cannot be found while reverse-routing.
in SYSTEMPATH\HTTP\RedirectResponse.php on line 56.
 1 SYSTEMPATH\HTTP\RedirectResponse.php(56): CodeIgniter\HTTP\Exceptions\HTTPException::forInvalidRedirectRoute('ROOTPATH\\public')
 2 SYSTEMPATH\Common.php(863): CodeIgniter\HTTP\RedirectResponse->route(false)
 3 VENDORPATH\myth\auth\src\Controllers\AuthController.php(197): redirect('http://localhost:8080/')
 4 SYSTEMPATH\CodeIgniter.php(896): Myth\Auth\Controllers\AuthController->attemptRegister()
 5 SYSTEMPATH\CodeIgniter.php(466): CodeIgniter\CodeIgniter->runController(Object(Myth\Auth\Controllers\AuthController))
 6 SYSTEMPATH\CodeIgniter.php(349): CodeIgniter\CodeIgniter->handleRequest(null, Object(Config\Cache), false)
 7 FCPATH\index.php(55): CodeIgniter\CodeIgniter->run()
 8 SYSTEMPATH\Commands\Server\rewrite.php(43): require_once('FCPATH\\index.php')
CRITICAL - 2022-07-22 01:31:21 -->  route cannot be found while reverse-routing.
in SYSTEMPATH\HTTP\RedirectResponse.php on line 56.
 1 SYSTEMPATH\HTTP\RedirectResponse.php(56): CodeIgniter\HTTP\Exceptions\HTTPException::forInvalidRedirectRoute('ROOTPATH\\public')
 2 SYSTEMPATH\Common.php(863): CodeIgniter\HTTP\RedirectResponse->route(false)
 3 VENDORPATH\myth\auth\src\Controllers\AuthController.php(197): redirect('http://localhost:8080/')
 4 SYSTEMPATH\CodeIgniter.php(896): Myth\Auth\Controllers\AuthController->attemptRegister()
 5 SYSTEMPATH\CodeIgniter.php(466): CodeIgniter\CodeIgniter->runController(Object(Myth\Auth\Controllers\AuthController))
 6 SYSTEMPATH\CodeIgniter.php(349): CodeIgniter\CodeIgniter->handleRequest(null, Object(Config\Cache), false)
 7 FCPATH\index.php(55): CodeIgniter\CodeIgniter->run()
 8 SYSTEMPATH\Commands\Server\rewrite.php(43): require_once('FCPATH\\index.php')
CRITICAL - 2022-07-22 01:36:06 -->  route cannot be found while reverse-routing.
in SYSTEMPATH\HTTP\RedirectResponse.php on line 56.
 1 SYSTEMPATH\HTTP\RedirectResponse.php(56): CodeIgniter\HTTP\Exceptions\HTTPException::forInvalidRedirectRoute('ROOTPATH\\public')
 2 SYSTEMPATH\Common.php(863): CodeIgniter\HTTP\RedirectResponse->route(false)
 3 VENDORPATH\myth\auth\src\Controllers\AuthController.php(198): redirect('/manajemenusers')
 4 SYSTEMPATH\CodeIgniter.php(896): Myth\Auth\Controllers\AuthController->attemptRegister()
 5 SYSTEMPATH\CodeIgniter.php(466): CodeIgniter\CodeIgniter->runController(Object(Myth\Auth\Controllers\AuthController))
 6 SYSTEMPATH\CodeIgniter.php(349): CodeIgniter\CodeIgniter->handleRequest(null, Object(Config\Cache), false)
 7 FCPATH\index.php(55): CodeIgniter\CodeIgniter->run()
 8 SYSTEMPATH\Commands\Server\rewrite.php(43): require_once('FCPATH\\index.php')
CRITICAL - 2022-07-22 01:36:51 --> syntax error, unexpected token "}", expecting ";"
in VENDORPATH\myth\auth\src\Controllers\AuthController.php on line 135.
 1 SYSTEMPATH\Autoloader\Autoloader.php(220): CodeIgniter\Autoloader\Autoloader->includeFile('VENDORPATH\\myth\\auth\\src\\Controllers\\AuthController.php')
 2 [internal function]: CodeIgniter\Autoloader\Autoloader->loadClassmap('Myth\\Auth\\Controllers\\AuthController')
 3 SYSTEMPATH\CodeIgniter.php(846): class_exists('\\Myth\\Auth\\Controllers\\AuthController', true)
 4 SYSTEMPATH\CodeIgniter.php(453): CodeIgniter\CodeIgniter->startController()
 5 SYSTEMPATH\CodeIgniter.php(349): CodeIgniter\CodeIgniter->handleRequest(null, Object(Config\Cache), false)
 6 FCPATH\index.php(55): CodeIgniter\CodeIgniter->run()
 7 SYSTEMPATH\Commands\Server\rewrite.php(43): require_once('FCPATH\\index.php')
CRITICAL - 2022-07-22 01:38:05 -->  route cannot be found while reverse-routing.
in SYSTEMPATH\HTTP\RedirectResponse.php on line 56.
 1 SYSTEMPATH\HTTP\RedirectResponse.php(56): CodeIgniter\HTTP\Exceptions\HTTPException::forInvalidRedirectRoute('ROOTPATH\\public')
 2 SYSTEMPATH\Common.php(863): CodeIgniter\HTTP\RedirectResponse->route(false)
 3 VENDORPATH\myth\auth\src\Controllers\AuthController.php(199): redirect('/manajemenusers')
 4 SYSTEMPATH\CodeIgniter.php(896): Myth\Auth\Controllers\AuthController->attemptRegister()
 5 SYSTEMPATH\CodeIgniter.php(466): CodeIgniter\CodeIgniter->runController(Object(Myth\Auth\Controllers\AuthController))
 6 SYSTEMPATH\CodeIgniter.php(349): CodeIgniter\CodeIgniter->handleRequest(null, Object(Config\Cache), false)
 7 FCPATH\index.php(55): CodeIgniter\CodeIgniter->run()
 8 SYSTEMPATH\Commands\Server\rewrite.php(43): require_once('FCPATH\\index.php')
CRITICAL - 2022-07-22 01:38:37 -->  route cannot be found while reverse-routing.
in SYSTEMPATH\HTTP\RedirectResponse.php on line 56.
 1 SYSTEMPATH\HTTP\RedirectResponse.php(56): CodeIgniter\HTTP\Exceptions\HTTPException::forInvalidRedirectRoute('ROOTPATH\\public')
 2 SYSTEMPATH\Common.php(863): CodeIgniter\HTTP\RedirectResponse->route(false)
 3 VENDORPATH\myth\auth\src\Controllers\AuthController.php(199): redirect('/manajemenusers')
 4 SYSTEMPATH\CodeIgniter.php(896): Myth\Auth\Controllers\AuthController->attemptRegister()
 5 SYSTEMPATH\CodeIgniter.php(466): CodeIgniter\CodeIgniter->runController(Object(Myth\Auth\Controllers\AuthController))
 6 SYSTEMPATH\CodeIgniter.php(349): CodeIgniter\CodeIgniter->handleRequest(null, Object(Config\Cache), false)
 7 FCPATH\index.php(55): CodeIgniter\CodeIgniter->run()
 8 SYSTEMPATH\Commands\Server\rewrite.php(43): require_once('FCPATH\\index.php')
CRITICAL - 2022-07-22 01:44:20 --> Undefined variable $data_project
in APPPATH\Views\manajemen_users.php on line 40.
 1 APPPATH\Views\manajemen_users.php(40): CodeIgniter\Debug\Exceptions->errorHandler(2, 'Undefined variable $data_project', 'APPPATH\\Views\\manajemen_users.php', 40)
 2 SYSTEMPATH\View\View.php(213): include('APPPATH\\Views\\manajemen_users.php')
 3 SYSTEMPATH\View\View.php(216): CodeIgniter\View\View->CodeIgniter\View\{closure}()
 4 SYSTEMPATH\Common.php(1135): CodeIgniter\View\View->render('manajemen_users', [], true)
 5 APPPATH\Controllers\Manajemen_Users.php(19): view('manajemen_users', [...])
 6 SYSTEMPATH\CodeIgniter.php(896): App\Controllers\Manajemen_Users->index()
 7 SYSTEMPATH\CodeIgniter.php(466): CodeIgniter\CodeIgniter->runController(Object(App\Controllers\Manajemen_Users))
 8 SYSTEMPATH\CodeIgniter.php(349): CodeIgniter\CodeIgniter->handleRequest(null, Object(Config\Cache), false)
 9 FCPATH\index.php(55): CodeIgniter\CodeIgniter->run()
10 SYSTEMPATH\Commands\Server\rewrite.php(43): require_once('FCPATH\\index.php')
CRITICAL - 2022-07-22 01:44:32 --> Undefined variable $menu
in APPPATH\Views\manajemen_users.php on line 43.
 1 APPPATH\Views\manajemen_users.php(43): CodeIgniter\Debug\Exceptions->errorHandler(2, 'Undefined variable $menu', 'APPPATH\\Views\\manajemen_users.php', 43)
 2 SYSTEMPATH\View\View.php(213): include('APPPATH\\Views\\manajemen_users.php')
 3 SYSTEMPATH\View\View.php(216): CodeIgniter\View\View->CodeIgniter\View\{closure}()
 4 SYSTEMPATH\Common.php(1135): CodeIgniter\View\View->render('manajemen_users', [], true)
 5 APPPATH\Controllers\Manajemen_Users.php(19): view('manajemen_users', [...])
 6 SYSTEMPATH\CodeIgniter.php(896): App\Controllers\Manajemen_Users->index()
 7 SYSTEMPATH\CodeIgniter.php(466): CodeIgniter\CodeIgniter->runController(Object(App\Controllers\Manajemen_Users))
 8 SYSTEMPATH\CodeIgniter.php(349): CodeIgniter\CodeIgniter->handleRequest(null, Object(Config\Cache), false)
 9 FCPATH\index.php(55): CodeIgniter\CodeIgniter->run()
10 SYSTEMPATH\Commands\Server\rewrite.php(43): require_once('FCPATH\\index.php')
