CRITICAL - 2022-06-28 03:51:19 --> Class name must be a valid object or a string
in VENDORPATH\myth\auth\src\Config\Services.php on line 92.
 1 SYSTEMPATH\Config\BaseService.php(251): Myth\Auth\Config\Services::activator(Object(Myth\Auth\Config\Auth), false)
 2 SYSTEMPATH\Config\BaseService.php(192): CodeIgniter\Config\BaseService::__callStatic('activator', [...])
 3 VENDORPATH\myth\auth\src\Config\Services.php(86): CodeIgniter\Config\BaseService::getSharedInstance('activator', null)
 4 SYSTEMPATH\Config\BaseService.php(251): Myth\Auth\Config\Services::activator()
 5 SYSTEMPATH\Common.php(960): CodeIgniter\Config\BaseService::__callStatic('activator', [])
 6 VENDORPATH\myth\auth\src\Controllers\AuthController.php(195): service('activator')
 7 SYSTEMPATH\CodeIgniter.php(896): Myth\Auth\Controllers\AuthController->attemptRegister()
 8 SYSTEMPATH\CodeIgniter.php(466): CodeIgniter\CodeIgniter->runController(Object(Myth\Auth\Controllers\AuthController))
 9 SYSTEMPATH\CodeIgniter.php(349): CodeIgniter\CodeIgniter->handleRequest(null, Object(Config\Cache), false)
10 FCPATH\index.php(55): CodeIgniter\CodeIgniter->run()
11 SYSTEMPATH\Commands\Server\rewrite.php(43): require_once('FCPATH\\index.php')
CRITICAL - 2022-06-28 04:12:41 --> Class 'Config\LoginFilter' not found
in SYSTEMPATH\Filters\Filters.php on line 166.
 1 SYSTEMPATH\CodeIgniter.php(440): CodeIgniter\Filters\Filters->run('C:\\', 'before')
 2 SYSTEMPATH\CodeIgniter.php(349): CodeIgniter\CodeIgniter->handleRequest(null, Object(Config\Cache), false)
 3 FCPATH\index.php(55): CodeIgniter\CodeIgniter->run()
 4 SYSTEMPATH\Commands\Server\rewrite.php(43): require_once('FCPATH\\index.php')
CRITICAL - 2022-06-28 04:12:48 --> Class 'Config\LoginFilter' not found
in SYSTEMPATH\Filters\Filters.php on line 166.
 1 SYSTEMPATH\CodeIgniter.php(440): CodeIgniter\Filters\Filters->run('C:\\', 'before')
 2 SYSTEMPATH\CodeIgniter.php(349): CodeIgniter\CodeIgniter->handleRequest(null, Object(Config\Cache), false)
 3 FCPATH\index.php(55): CodeIgniter\CodeIgniter->run()
 4 SYSTEMPATH\Commands\Server\rewrite.php(43): require_once('FCPATH\\index.php')
CRITICAL - 2022-06-28 04:33:04 --> Class name must be a valid object or a string
in VENDORPATH\myth\auth\src\Config\Services.php on line 92.
 1 SYSTEMPATH\Config\BaseService.php(251): Myth\Auth\Config\Services::activator(Object(Myth\Auth\Config\Auth), false)
 2 SYSTEMPATH\Config\BaseService.php(192): CodeIgniter\Config\BaseService::__callStatic('activator', [...])
 3 VENDORPATH\myth\auth\src\Config\Services.php(86): CodeIgniter\Config\BaseService::getSharedInstance('activator', null)
 4 SYSTEMPATH\Config\BaseService.php(251): Myth\Auth\Config\Services::activator()
 5 SYSTEMPATH\Common.php(960): CodeIgniter\Config\BaseService::__callStatic('activator', [])
 6 VENDORPATH\myth\auth\src\Controllers\AuthController.php(195): service('activator')
 7 SYSTEMPATH\CodeIgniter.php(896): Myth\Auth\Controllers\AuthController->attemptRegister()
 8 SYSTEMPATH\CodeIgniter.php(466): CodeIgniter\CodeIgniter->runController(Object(Myth\Auth\Controllers\AuthController))
 9 SYSTEMPATH\CodeIgniter.php(349): CodeIgniter\CodeIgniter->handleRequest(null, Object(Config\Cache), false)
10 FCPATH\index.php(55): CodeIgniter\CodeIgniter->run()
11 SYSTEMPATH\Commands\Server\rewrite.php(43): require_once('FCPATH\\index.php')
CRITICAL - 2022-06-28 10:53:18 --> Undefined property: App\Controllers\user\beranda::$input
in APPPATH\Controllers\user\beranda.php on line 17.
 1 APPPATH\Controllers\user\beranda.php(17): CodeIgniter\Debug\Exceptions->errorHandler(8, 'Undefined property: App\\Controllers\\user\\beranda::$input', 'APPPATH\\Controllers\\user\\beranda.php', 17, [])
 2 SYSTEMPATH\CodeIgniter.php(896): App\Controllers\user\beranda->gantipassword()
 3 SYSTEMPATH\CodeIgniter.php(466): CodeIgniter\CodeIgniter->runController(Object(App\Controllers\user\beranda))
 4 SYSTEMPATH\CodeIgniter.php(349): CodeIgniter\CodeIgniter->handleRequest(null, Object(Config\Cache), false)
 5 FCPATH\index.php(55): CodeIgniter\CodeIgniter->run()
 6 SYSTEMPATH\Commands\Server\rewrite.php(43): require_once('FCPATH\\index.php')
CRITICAL - 2022-06-28 10:54:11 --> Undefined property: App\Controllers\user\beranda::$input
in APPPATH\Controllers\user\beranda.php on line 17.
 1 APPPATH\Controllers\user\beranda.php(17): CodeIgniter\Debug\Exceptions->errorHandler(8, 'Undefined property: App\\Controllers\\user\\beranda::$input', 'APPPATH\\Controllers\\user\\beranda.php', 17, [])
 2 SYSTEMPATH\CodeIgniter.php(896): App\Controllers\user\beranda->gantipassword()
 3 SYSTEMPATH\CodeIgniter.php(466): CodeIgniter\CodeIgniter->runController(Object(App\Controllers\user\beranda))
 4 SYSTEMPATH\CodeIgniter.php(349): CodeIgniter\CodeIgniter->handleRequest(null, Object(Config\Cache), false)
 5 FCPATH\index.php(55): CodeIgniter\CodeIgniter->run()
 6 SYSTEMPATH\Commands\Server\rewrite.php(43): require_once('FCPATH\\index.php')
CRITICAL - 2022-06-28 10:54:30 --> Undefined property: App\Controllers\user\beranda::$input
in APPPATH\Controllers\user\beranda.php on line 17.
 1 APPPATH\Controllers\user\beranda.php(17): CodeIgniter\Debug\Exceptions->errorHandler(8, 'Undefined property: App\\Controllers\\user\\beranda::$input', 'APPPATH\\Controllers\\user\\beranda.php', 17, [])
 2 SYSTEMPATH\CodeIgniter.php(896): App\Controllers\user\beranda->gantipassword()
 3 SYSTEMPATH\CodeIgniter.php(466): CodeIgniter\CodeIgniter->runController(Object(App\Controllers\user\beranda))
 4 SYSTEMPATH\CodeIgniter.php(349): CodeIgniter\CodeIgniter->handleRequest(null, Object(Config\Cache), false)
 5 FCPATH\index.php(55): CodeIgniter\CodeIgniter->run()
 6 SYSTEMPATH\Commands\Server\rewrite.php(43): require_once('FCPATH\\index.php')
CRITICAL - 2022-06-28 10:54:46 --> Undefined property: App\Controllers\user\beranda::$input
in APPPATH\Controllers\user\beranda.php on line 17.
 1 APPPATH\Controllers\user\beranda.php(17): CodeIgniter\Debug\Exceptions->errorHandler(8, 'Undefined property: App\\Controllers\\user\\beranda::$input', 'APPPATH\\Controllers\\user\\beranda.php', 17, [])
 2 SYSTEMPATH\CodeIgniter.php(896): App\Controllers\user\beranda->gantipassword()
 3 SYSTEMPATH\CodeIgniter.php(466): CodeIgniter\CodeIgniter->runController(Object(App\Controllers\user\beranda))
 4 SYSTEMPATH\CodeIgniter.php(349): CodeIgniter\CodeIgniter->handleRequest(null, Object(Config\Cache), false)
 5 FCPATH\index.php(55): CodeIgniter\CodeIgniter->run()
 6 SYSTEMPATH\Commands\Server\rewrite.php(43): require_once('FCPATH\\index.php')
CRITICAL - 2022-06-28 10:56:07 --> Undefined property: App\Controllers\user\beranda::$input
in APPPATH\Controllers\user\beranda.php on line 17.
 1 APPPATH\Controllers\user\beranda.php(17): CodeIgniter\Debug\Exceptions->errorHandler(8, 'Undefined property: App\\Controllers\\user\\beranda::$input', 'APPPATH\\Controllers\\user\\beranda.php', 17, [])
 2 SYSTEMPATH\CodeIgniter.php(896): App\Controllers\user\beranda->gantipassword()
 3 SYSTEMPATH\CodeIgniter.php(466): CodeIgniter\CodeIgniter->runController(Object(App\Controllers\user\beranda))
 4 SYSTEMPATH\CodeIgniter.php(349): CodeIgniter\CodeIgniter->handleRequest(null, Object(Config\Cache), false)
 5 FCPATH\index.php(55): CodeIgniter\CodeIgniter->run()
 6 SYSTEMPATH\Commands\Server\rewrite.php(43): require_once('FCPATH\\index.php')
CRITICAL - 2022-06-28 11:13:06 --> Too few arguments to function App\Controllers\user\beranda::gantipassword(), 0 passed in C:\xampp\htdocs\drive\system\CodeIgniter.php on line 896 and exactly 1 expected
in APPPATH\Controllers\user\beranda.php on line 14.
 1 SYSTEMPATH\CodeIgniter.php(896): App\Controllers\user\beranda->gantipassword()
 2 SYSTEMPATH\CodeIgniter.php(466): CodeIgniter\CodeIgniter->runController(Object(App\Controllers\user\beranda))
 3 SYSTEMPATH\CodeIgniter.php(349): CodeIgniter\CodeIgniter->handleRequest(null, Object(Config\Cache), false)
 4 FCPATH\index.php(55): CodeIgniter\CodeIgniter->run()
 5 SYSTEMPATH\Commands\Server\rewrite.php(43): require_once('FCPATH\\index.php')
CRITICAL - 2022-06-28 11:20:44 --> Too few arguments to function App\Controllers\user\Beranda::gantipassword(), 0 passed in C:\xampp\htdocs\drive\system\CodeIgniter.php on line 896 and exactly 1 expected
in APPPATH\Controllers\user\Beranda.php on line 18.
 1 SYSTEMPATH\CodeIgniter.php(896): App\Controllers\user\Beranda->gantipassword()
 2 SYSTEMPATH\CodeIgniter.php(466): CodeIgniter\CodeIgniter->runController(Object(App\Controllers\user\Beranda))
 3 SYSTEMPATH\CodeIgniter.php(349): CodeIgniter\CodeIgniter->handleRequest(null, Object(Config\Cache), false)
 4 FCPATH\index.php(55): CodeIgniter\CodeIgniter->run()
 5 SYSTEMPATH\Commands\Server\rewrite.php(43): require_once('FCPATH\\index.php')
CRITICAL - 2022-06-28 11:21:12 --> Too few arguments to function App\Controllers\user\Beranda::gantipassword(), 0 passed in C:\xampp\htdocs\drive\system\CodeIgniter.php on line 896 and exactly 1 expected
in APPPATH\Controllers\user\Beranda.php on line 18.
 1 SYSTEMPATH\CodeIgniter.php(896): App\Controllers\user\Beranda->gantipassword()
 2 SYSTEMPATH\CodeIgniter.php(466): CodeIgniter\CodeIgniter->runController(Object(App\Controllers\user\Beranda))
 3 SYSTEMPATH\CodeIgniter.php(349): CodeIgniter\CodeIgniter->handleRequest(null, Object(Config\Cache), false)
 4 FCPATH\index.php(55): CodeIgniter\CodeIgniter->run()
 5 SYSTEMPATH\Commands\Server\rewrite.php(43): require_once('FCPATH\\index.php')
CRITICAL - 2022-06-28 11:21:36 --> Too few arguments to function App\Controllers\user\Beranda::gantipassword(), 0 passed in C:\xampp\htdocs\drive\system\CodeIgniter.php on line 896 and exactly 1 expected
in APPPATH\Controllers\user\Beranda.php on line 18.
 1 SYSTEMPATH\CodeIgniter.php(896): App\Controllers\user\Beranda->gantipassword()
 2 SYSTEMPATH\CodeIgniter.php(466): CodeIgniter\CodeIgniter->runController(Object(App\Controllers\user\Beranda))
 3 SYSTEMPATH\CodeIgniter.php(349): CodeIgniter\CodeIgniter->handleRequest(null, Object(Config\Cache), false)
 4 FCPATH\index.php(55): CodeIgniter\CodeIgniter->run()
 5 SYSTEMPATH\Commands\Server\rewrite.php(43): require_once('FCPATH\\index.php')
CRITICAL - 2022-06-28 11:23:27 --> Too few arguments to function App\Controllers\user\Beranda::gantipassword(), 0 passed in C:\xampp\htdocs\drive\system\CodeIgniter.php on line 896 and exactly 1 expected
in APPPATH\Controllers\user\Beranda.php on line 18.
 1 SYSTEMPATH\CodeIgniter.php(896): App\Controllers\user\Beranda->gantipassword()
 2 SYSTEMPATH\CodeIgniter.php(466): CodeIgniter\CodeIgniter->runController(Object(App\Controllers\user\Beranda))
 3 SYSTEMPATH\CodeIgniter.php(349): CodeIgniter\CodeIgniter->handleRequest(null, Object(Config\Cache), false)
 4 FCPATH\index.php(55): CodeIgniter\CodeIgniter->run()
 5 SYSTEMPATH\Commands\Server\rewrite.php(43): require_once('FCPATH\\index.php')
CRITICAL - 2022-06-28 21:13:10 --> Undefined variable: session
in APPPATH\Views\beranda.php on line 137.
 1 APPPATH\Views\beranda.php(137): CodeIgniter\Debug\Exceptions->errorHandler(8, 'Undefined variable: session', 'APPPATH\\Views\\beranda.php', 137, [])
 2 SYSTEMPATH\View\View.php(213): include('APPPATH\\Views\\beranda.php')
 3 SYSTEMPATH\View\View.php(216): CodeIgniter\View\View->CodeIgniter\View\{closure}()
 4 SYSTEMPATH\Common.php(1135): CodeIgniter\View\View->render('beranda', [], true)
 5 APPPATH\Controllers\user\Beranda.php(16): view('beranda')
 6 SYSTEMPATH\CodeIgniter.php(896): App\Controllers\user\Beranda->index()
 7 SYSTEMPATH\CodeIgniter.php(466): CodeIgniter\CodeIgniter->runController(Object(App\Controllers\user\Beranda))
 8 SYSTEMPATH\CodeIgniter.php(349): CodeIgniter\CodeIgniter->handleRequest(null, Object(Config\Cache), false)
 9 FCPATH\index.php(55): CodeIgniter\CodeIgniter->run()
10 SYSTEMPATH\Commands\Server\rewrite.php(43): require_once('FCPATH\\index.php')
CRITICAL - 2022-06-28 21:13:22 --> Undefined variable: session
in APPPATH\Views\beranda.php on line 137.
 1 APPPATH\Views\beranda.php(137): CodeIgniter\Debug\Exceptions->errorHandler(8, 'Undefined variable: session', 'APPPATH\\Views\\beranda.php', 137, [])
 2 SYSTEMPATH\View\View.php(213): include('APPPATH\\Views\\beranda.php')
 3 SYSTEMPATH\View\View.php(216): CodeIgniter\View\View->CodeIgniter\View\{closure}()
 4 SYSTEMPATH\Common.php(1135): CodeIgniter\View\View->render('beranda', [], true)
 5 APPPATH\Controllers\user\Beranda.php(16): view('beranda')
 6 SYSTEMPATH\CodeIgniter.php(896): App\Controllers\user\Beranda->index()
 7 SYSTEMPATH\CodeIgniter.php(466): CodeIgniter\CodeIgniter->runController(Object(App\Controllers\user\Beranda))
 8 SYSTEMPATH\CodeIgniter.php(349): CodeIgniter\CodeIgniter->handleRequest(null, Object(Config\Cache), false)
 9 FCPATH\index.php(55): CodeIgniter\CodeIgniter->run()
10 SYSTEMPATH\Commands\Server\rewrite.php(43): require_once('FCPATH\\index.php')
CRITICAL - 2022-06-28 21:13:24 --> Undefined variable: session
in APPPATH\Views\beranda.php on line 137.
 1 APPPATH\Views\beranda.php(137): CodeIgniter\Debug\Exceptions->errorHandler(8, 'Undefined variable: session', 'APPPATH\\Views\\beranda.php', 137, [])
 2 SYSTEMPATH\View\View.php(213): include('APPPATH\\Views\\beranda.php')
 3 SYSTEMPATH\View\View.php(216): CodeIgniter\View\View->CodeIgniter\View\{closure}()
 4 SYSTEMPATH\Common.php(1135): CodeIgniter\View\View->render('beranda', [], true)
 5 APPPATH\Controllers\user\Beranda.php(16): view('beranda')
 6 SYSTEMPATH\CodeIgniter.php(896): App\Controllers\user\Beranda->index()
 7 SYSTEMPATH\CodeIgniter.php(466): CodeIgniter\CodeIgniter->runController(Object(App\Controllers\user\Beranda))
 8 SYSTEMPATH\CodeIgniter.php(349): CodeIgniter\CodeIgniter->handleRequest(null, Object(Config\Cache), false)
 9 FCPATH\index.php(55): CodeIgniter\CodeIgniter->run()
10 SYSTEMPATH\Commands\Server\rewrite.php(43): require_once('FCPATH\\index.php')
CRITICAL - 2022-06-28 21:13:29 --> Undefined variable: session
in APPPATH\Views\beranda.php on line 137.
 1 APPPATH\Views\beranda.php(137): CodeIgniter\Debug\Exceptions->errorHandler(8, 'Undefined variable: session', 'APPPATH\\Views\\beranda.php', 137, [])
 2 SYSTEMPATH\View\View.php(213): include('APPPATH\\Views\\beranda.php')
 3 SYSTEMPATH\View\View.php(216): CodeIgniter\View\View->CodeIgniter\View\{closure}()
 4 SYSTEMPATH\Common.php(1135): CodeIgniter\View\View->render('beranda', [], true)
 5 APPPATH\Controllers\user\Beranda.php(16): view('beranda')
 6 SYSTEMPATH\CodeIgniter.php(896): App\Controllers\user\Beranda->index()
 7 SYSTEMPATH\CodeIgniter.php(466): CodeIgniter\CodeIgniter->runController(Object(App\Controllers\user\Beranda))
 8 SYSTEMPATH\CodeIgniter.php(349): CodeIgniter\CodeIgniter->handleRequest(null, Object(Config\Cache), false)
 9 FCPATH\index.php(55): CodeIgniter\CodeIgniter->run()
10 SYSTEMPATH\Commands\Server\rewrite.php(43): require_once('FCPATH\\index.php')
CRITICAL - 2022-06-28 21:14:41 --> Undefined variable: session
in APPPATH\Views\beranda.php on line 137.
 1 APPPATH\Views\beranda.php(137): CodeIgniter\Debug\Exceptions->errorHandler(8, 'Undefined variable: session', 'APPPATH\\Views\\beranda.php', 137, [])
 2 SYSTEMPATH\View\View.php(213): include('APPPATH\\Views\\beranda.php')
 3 SYSTEMPATH\View\View.php(216): CodeIgniter\View\View->CodeIgniter\View\{closure}()
 4 SYSTEMPATH\Common.php(1135): CodeIgniter\View\View->render('beranda', [], true)
 5 APPPATH\Controllers\user\Beranda.php(16): view('beranda')
 6 SYSTEMPATH\CodeIgniter.php(896): App\Controllers\user\Beranda->index()
 7 SYSTEMPATH\CodeIgniter.php(466): CodeIgniter\CodeIgniter->runController(Object(App\Controllers\user\Beranda))
 8 SYSTEMPATH\CodeIgniter.php(349): CodeIgniter\CodeIgniter->handleRequest(null, Object(Config\Cache), false)
 9 FCPATH\index.php(55): CodeIgniter\CodeIgniter->run()
10 SYSTEMPATH\Commands\Server\rewrite.php(43): require_once('FCPATH\\index.php')
CRITICAL - 2022-06-28 21:16:35 --> Cannot use isset() on the result of an expression (you can use "null !== expression" instead)
in APPPATH\Views\beranda.php on line 137.
 1 [internal function]: CodeIgniter\Debug\Exceptions->shutdownHandler()
CRITICAL - 2022-06-28 21:24:06 --> Undefined variable: session
in APPPATH\Views\beranda.php on line 137.
 1 APPPATH\Views\beranda.php(137): CodeIgniter\Debug\Exceptions->errorHandler(8, 'Undefined variable: session', 'APPPATH\\Views\\beranda.php', 137, [])
 2 SYSTEMPATH\View\View.php(213): include('APPPATH\\Views\\beranda.php')
 3 SYSTEMPATH\View\View.php(216): CodeIgniter\View\View->CodeIgniter\View\{closure}()
 4 SYSTEMPATH\Common.php(1135): CodeIgniter\View\View->render('beranda', [], true)
 5 APPPATH\Controllers\user\Beranda.php(16): view('beranda')
 6 SYSTEMPATH\CodeIgniter.php(896): App\Controllers\user\Beranda->index()
 7 SYSTEMPATH\CodeIgniter.php(466): CodeIgniter\CodeIgniter->runController(Object(App\Controllers\user\Beranda))
 8 SYSTEMPATH\CodeIgniter.php(349): CodeIgniter\CodeIgniter->handleRequest(null, Object(Config\Cache), false)
 9 FCPATH\index.php(55): CodeIgniter\CodeIgniter->run()
10 SYSTEMPATH\Commands\Server\rewrite.php(43): require_once('FCPATH\\index.php')
CRITICAL - 2022-06-28 21:50:58 --> password_hash(): Unknown password hashing algorithm: 21
in APPPATH\Controllers\user\Beranda.php on line 21.
 1 [internal function]: CodeIgniter\Debug\Exceptions->errorHandler(2, 'password_hash(): Unknown password hashing algorithm: 21', 'APPPATH\\Controllers\\user\\Beranda.php', 21, [])
 2 APPPATH\Controllers\user\Beranda.php(21): password_hash('Indonesia1708', 21)
 3 SYSTEMPATH\CodeIgniter.php(896): App\Controllers\user\Beranda->coba()
 4 SYSTEMPATH\CodeIgniter.php(466): CodeIgniter\CodeIgniter->runController(Object(App\Controllers\user\Beranda))
 5 SYSTEMPATH\CodeIgniter.php(349): CodeIgniter\CodeIgniter->handleRequest(null, Object(Config\Cache), false)
 6 FCPATH\index.php(55): CodeIgniter\CodeIgniter->run()
 7 SYSTEMPATH\Commands\Server\rewrite.php(43): require_once('FCPATH\\index.php')
