CRITICAL - 2022-07-08 01:11:13 --> move_uploaded_file(C:\xampp\htdocs\drive2\app\public\foto\foto_IMG_4805.JPG): failed to open stream: No such file or directory
in APPPATH\Controllers\Beranda.php on line 44.
 1 [internal function]: CodeIgniter\Debug\Exceptions->errorHandler(2, 'move_uploaded_file(C:\\xampp\\htdocs\\drive2\\app\\public\\foto\\foto_IMG_4805.JPG): failed to open stream: No such file or directory', 'APPPATH\\Controllers\\Beranda.php', 44, [...])
 2 APPPATH\Controllers\Beranda.php(44): move_uploaded_file('C:\\xampp\\tmp\\php24A.tmp', 'APPPATH\\public\\foto\\foto_IMG_4805.JPG')
 3 SYSTEMPATH\CodeIgniter.php(896): App\Controllers\Beranda->ubahprofil()
 4 SYSTEMPATH\CodeIgniter.php(466): CodeIgniter\CodeIgniter->runController(Object(App\Controllers\Beranda))
 5 SYSTEMPATH\CodeIgniter.php(349): CodeIgniter\CodeIgniter->handleRequest(null, Object(Config\Cache), false)
 6 FCPATH\index.php(55): CodeIgniter\CodeIgniter->run()
 7 SYSTEMPATH\Commands\Server\rewrite.php(43): require_once('FCPATH\\index.php')
CRITICAL - 2022-07-08 01:27:06 --> Class 'App\Controllers\File' not found
in APPPATH\Controllers\Beranda.php on line 51.
 1 SYSTEMPATH\CodeIgniter.php(896): App\Controllers\Beranda->ubahprofil()
 2 SYSTEMPATH\CodeIgniter.php(466): CodeIgniter\CodeIgniter->runController(Object(App\Controllers\Beranda))
 3 SYSTEMPATH\CodeIgniter.php(349): CodeIgniter\CodeIgniter->handleRequest(null, Object(Config\Cache), false)
 4 FCPATH\index.php(55): CodeIgniter\CodeIgniter->run()
 5 SYSTEMPATH\Commands\Server\rewrite.php(43): require_once('FCPATH\\index.php')
CRITICAL - 2022-07-08 01:32:11 --> move_uploaded_file(C:\xampp\htdocs\drive2\writable\\foto\foto_IMG_4806.JPG): failed to open stream: No such file or directory
in APPPATH\Controllers\Beranda.php on line 45.
 1 [internal function]: CodeIgniter\Debug\Exceptions->errorHandler(2, 'move_uploaded_file(C:\\xampp\\htdocs\\drive2\\writable\\\\foto\\foto_IMG_4806.JPG): failed to open stream: No such file or directory', 'APPPATH\\Controllers\\Beranda.php', 45, [...])
 2 APPPATH\Controllers\Beranda.php(45): move_uploaded_file('C:\\xampp\\tmp\\php359A.tmp', 'ROOTPATH\\writable\\\\foto\\foto_IMG_4806.JPG')
 3 SYSTEMPATH\CodeIgniter.php(896): App\Controllers\Beranda->ubahprofil()
 4 SYSTEMPATH\CodeIgniter.php(466): CodeIgniter\CodeIgniter->runController(Object(App\Controllers\Beranda))
 5 SYSTEMPATH\CodeIgniter.php(349): CodeIgniter\CodeIgniter->handleRequest(null, Object(Config\Cache), false)
 6 FCPATH\index.php(55): CodeIgniter\CodeIgniter->run()
 7 SYSTEMPATH\Commands\Server\rewrite.php(43): require_once('FCPATH\\index.php')
CRITICAL - 2022-07-08 01:41:30 --> finfo_file(C:\xampp\tmp\phpBDD3.tmp): failed to open stream: No such file or directory
in SYSTEMPATH\Files\File.php on line 114.
 1 [internal function]: CodeIgniter\Debug\Exceptions->errorHandler(2, 'finfo_file(C:\\xampp\\tmp\\phpBDD3.tmp): failed to open stream: No such file or directory', 'SYSTEMPATH\\Files\\File.php', 114, [...])
 2 SYSTEMPATH\Files\File.php(114): finfo_file(resource (file_info), 'C:\\xampp\\tmp\\phpBDD3.tmp')
 3 SYSTEMPATH\HTTP\Files\UploadedFile.php(302): CodeIgniter\Files\File->getMimeType()
 4 SYSTEMPATH\HTTP\Files\UploadedFile.php(291): CodeIgniter\HTTP\Files\UploadedFile->guessExtension()
 5 SYSTEMPATH\Files\File.php(126): CodeIgniter\HTTP\Files\UploadedFile->getExtension()
 6 SYSTEMPATH\HTTP\Files\UploadedFile.php(338): CodeIgniter\Files\File->getRandomName()
 7 APPPATH\Controllers\Beranda.php(51): CodeIgniter\HTTP\Files\UploadedFile->store()
 8 SYSTEMPATH\CodeIgniter.php(896): App\Controllers\Beranda->ubahprofil()
 9 SYSTEMPATH\CodeIgniter.php(466): CodeIgniter\CodeIgniter->runController(Object(App\Controllers\Beranda))
10 SYSTEMPATH\CodeIgniter.php(349): CodeIgniter\CodeIgniter->handleRequest(null, Object(Config\Cache), false)
11 FCPATH\index.php(55): CodeIgniter\CodeIgniter->run()
12 SYSTEMPATH\Commands\Server\rewrite.php(43): require_once('FCPATH\\index.php')
CRITICAL - 2022-07-08 01:51:06 --> syntax error, unexpected 'pesan' (T_STRING), expecting ';' or ','
in APPPATH\Views\beranda.php on line 139.
 1 SYSTEMPATH\View\View.php(216): CodeIgniter\View\View->CodeIgniter\View\{closure}()
 2 SYSTEMPATH\Common.php(1135): CodeIgniter\View\View->render('beranda', [], true)
 3 APPPATH\Controllers\Beranda.php(24): view('beranda', [...])
 4 SYSTEMPATH\CodeIgniter.php(896): App\Controllers\Beranda->index()
 5 SYSTEMPATH\CodeIgniter.php(466): CodeIgniter\CodeIgniter->runController(Object(App\Controllers\Beranda))
 6 SYSTEMPATH\CodeIgniter.php(349): CodeIgniter\CodeIgniter->handleRequest(null, Object(Config\Cache), false)
 7 FCPATH\index.php(55): CodeIgniter\CodeIgniter->run()
 8 SYSTEMPATH\Commands\Server\rewrite.php(43): require_once('FCPATH\\index.php')
CRITICAL - 2022-07-08 02:29:33 --> syntax error, unexpected 'if' (T_IF)
in APPPATH\Controllers\Beranda.php on line 70.
 1 SYSTEMPATH\Autoloader\Autoloader.php(261): CodeIgniter\Autoloader\Autoloader->includeFile('APPPATH\\Controllers\\Beranda.php')
 2 SYSTEMPATH\Autoloader\Autoloader.php(239): CodeIgniter\Autoloader\Autoloader->loadInNamespace('App\\Controllers\\Beranda')
 3 [internal function]: CodeIgniter\Autoloader\Autoloader->loadClass('App\\Controllers\\Beranda')
 4 [internal function]: spl_autoload_call('App\\Controllers\\Beranda')
 5 SYSTEMPATH\CodeIgniter.php(846): class_exists('\\App\\Controllers\\Beranda', true)
 6 SYSTEMPATH\CodeIgniter.php(453): CodeIgniter\CodeIgniter->startController()
 7 SYSTEMPATH\CodeIgniter.php(349): CodeIgniter\CodeIgniter->handleRequest(null, Object(Config\Cache), false)
 8 FCPATH\index.php(55): CodeIgniter\CodeIgniter->run()
 9 SYSTEMPATH\Commands\Server\rewrite.php(43): require_once('FCPATH\\index.php')
CRITICAL - 2022-07-08 02:30:17 --> The uploaded file has already been moved.
in SYSTEMPATH\HTTP\Files\UploadedFile.php on line 133.
 1 SYSTEMPATH\HTTP\Files\UploadedFile.php(133): CodeIgniter\HTTP\Exceptions\HTTPException::forAlreadyMoved()
 2 APPPATH\Controllers\Beranda.php(70): CodeIgniter\HTTP\Files\UploadedFile->move('FCPATH\\foto', 'IMG_4806.JPG')
 3 SYSTEMPATH\CodeIgniter.php(896): App\Controllers\Beranda->ubahprofil()
 4 SYSTEMPATH\CodeIgniter.php(466): CodeIgniter\CodeIgniter->runController(Object(App\Controllers\Beranda))
 5 SYSTEMPATH\CodeIgniter.php(349): CodeIgniter\CodeIgniter->handleRequest(null, Object(Config\Cache), false)
 6 FCPATH\index.php(55): CodeIgniter\CodeIgniter->run()
 7 SYSTEMPATH\Commands\Server\rewrite.php(43): require_once('FCPATH\\index.php')
CRITICAL - 2022-07-08 03:03:31 --> The uploaded file has already been moved.
in SYSTEMPATH\HTTP\Files\UploadedFile.php on line 133.
 1 SYSTEMPATH\HTTP\Files\UploadedFile.php(133): CodeIgniter\HTTP\Exceptions\HTTPException::forAlreadyMoved()
 2 APPPATH\Controllers\Beranda.php(73): CodeIgniter\HTTP\Files\UploadedFile->move('ROOTPATH\\uploads\\image_profile', 'IMG_1511.JPG')
 3 SYSTEMPATH\CodeIgniter.php(896): App\Controllers\Beranda->ubahprofil()
 4 SYSTEMPATH\CodeIgniter.php(466): CodeIgniter\CodeIgniter->runController(Object(App\Controllers\Beranda))
 5 SYSTEMPATH\CodeIgniter.php(349): CodeIgniter\CodeIgniter->handleRequest(null, Object(Config\Cache), false)
 6 FCPATH\index.php(55): CodeIgniter\CodeIgniter->run()
 7 SYSTEMPATH\Commands\Server\rewrite.php(43): require_once('FCPATH\\index.php')
CRITICAL - 2022-07-08 03:42:00 --> unlink(C:\xampp\htdocs\drive2\public\file/19-12-egaefae (2022-07-08 01.19.29).jpg): No such file or directory
in APPPATH\Controllers\Detail_Project_Saya.php on line 100.
 1 [internal function]: CodeIgniter\Debug\Exceptions->errorHandler(2, 'unlink(C:\\xampp\\htdocs\\drive2\\public\\file/19-12-egaefae (2022-07-08 01.19.29).jpg): No such file or directory', 'APPPATH\\Controllers\\Detail_Project_Saya.php', 100, [...])
 2 APPPATH\Controllers\Detail_Project_Saya.php(100): unlink('FCPATH\\file/19-12-egaefae (2022-07-08 01.19.29).jpg')
 3 SYSTEMPATH\CodeIgniter.php(896): App\Controllers\Detail_Project_Saya->hapus()
 4 SYSTEMPATH\CodeIgniter.php(466): CodeIgniter\CodeIgniter->runController(Object(App\Controllers\Detail_Project_Saya))
 5 SYSTEMPATH\CodeIgniter.php(349): CodeIgniter\CodeIgniter->handleRequest(null, Object(Config\Cache), false)
 6 FCPATH\index.php(55): CodeIgniter\CodeIgniter->run()
 7 SYSTEMPATH\Commands\Server\rewrite.php(43): require_once('FCPATH\\index.php')
CRITICAL - 2022-07-08 04:12:16 --> Undefined property: stdClass::$id_pembuat
in APPPATH\Views\manajemen_detail_data_project.php on line 169.
 1 APPPATH\Views\manajemen_detail_data_project.php(169): CodeIgniter\Debug\Exceptions->errorHandler(8, 'Undefined property: stdClass::$id_pembuat', 'APPPATH\\Views\\manajemen_detail_data_project.php', 169, [...])
 2 SYSTEMPATH\View\View.php(213): include('APPPATH\\Views\\manajemen_detail_data_project.php')
 3 SYSTEMPATH\View\View.php(216): CodeIgniter\View\View->CodeIgniter\View\{closure}()
 4 SYSTEMPATH\Common.php(1135): CodeIgniter\View\View->render('manajemen_detail_data_project', [], true)
 5 APPPATH\Controllers\Manajemen_Detail_Data_Project.php(41): view('manajemen_detail_data_project', [...])
 6 SYSTEMPATH\CodeIgniter.php(896): App\Controllers\Manajemen_Detail_Data_Project->index()
 7 SYSTEMPATH\CodeIgniter.php(466): CodeIgniter\CodeIgniter->runController(Object(App\Controllers\Manajemen_Detail_Data_Project))
 8 SYSTEMPATH\CodeIgniter.php(349): CodeIgniter\CodeIgniter->handleRequest(null, Object(Config\Cache), false)
 9 FCPATH\index.php(55): CodeIgniter\CodeIgniter->run()
10 SYSTEMPATH\Commands\Server\rewrite.php(43): require_once('FCPATH\\index.php')
